2025-08-14 17:32:33,867 - __main__ - INFO - ==================================================
2025-08-14 17:32:33,867 - __main__ - INFO - Kalshi Terminal Starting
2025-08-14 17:32:33,867 - __main__ - INFO - ==================================================
2025-08-14 17:32:33,867 - __main__ - INFO - Starting Kalshi Terminal Orchestrator
2025-08-14 17:32:33,867 - __main__ - INFO - Initializing infrastructure
2025-08-14 17:32:33,869 - core.state.redis_store - INFO - Connected to Redis
2025-08-14 17:32:33,869 - __main__ - INFO - Infrastructure initialized
2025-08-14 17:32:33,869 - __main__ - INFO - Starting venue adapters
2025-08-14 17:32:33,869 - __main__ - INFO - Starting Kalshi adapter
2025-08-14 17:32:33,897 - __main__ - INFO - Kalshi adapter started
2025-08-14 17:32:33,897 - __main__ - INFO - Started 1 adapters
2025-08-14 17:32:33,897 - adapters.kalshi.adapter - INFO - Starting Kalshi adapter
2025-08-14 17:32:33,898 - adapters.kalshi.adapter - INFO - Discovering target markets
2025-08-14 17:32:34,342 - adapters.kalshi.client - INFO - Fetched 100 markets, total: 100
2025-08-14 17:32:34,722 - adapters.kalshi.client - INFO - Fetched 100 markets, total: 200
2025-08-14 17:32:35,091 - adapters.kalshi.client - INFO - Fetched 100 markets, total: 300
2025-08-14 17:32:35,502 - adapters.kalshi.client - INFO - Fetched 100 markets, total: 400
2025-08-14 17:32:35,865 - adapters.kalshi.client - INFO - Fetched 100 markets, total: 500
2025-08-14 17:32:36,231 - adapters.kalshi.client - INFO - Fetched 100 markets, total: 600
2025-08-14 17:32:36,392 - adapters.kalshi.client - INFO - Fetched 100 markets, total: 700
2025-08-14 17:32:36,786 - adapters.kalshi.client - INFO - Fetched 100 markets, total: 800
2025-08-14 17:32:37,150 - adapters.kalshi.client - INFO - Fetched 100 markets, total: 900
2025-08-14 17:32:37,315 - adapters.kalshi.client - INFO - Fetched 100 markets, total: 1000
2025-08-14 17:32:37,472 - adapters.kalshi.client - INFO - Fetched 100 markets, total: 1100
2025-08-14 17:32:37,832 - adapters.kalshi.client - INFO - Fetched 100 markets, total: 1200
2025-08-14 17:32:38,180 - adapters.kalshi.client - INFO - Fetched 100 markets, total: 1300
2025-08-14 17:32:38,536 - adapters.kalshi.client - INFO - Fetched 100 markets, total: 1400
2025-08-14 17:32:38,907 - adapters.kalshi.client - INFO - Fetched 100 markets, total: 1500
2025-08-14 17:32:39,077 - adapters.kalshi.client - INFO - Fetched 100 markets, total: 1600
2025-08-14 17:32:39,236 - adapters.kalshi.client - INFO - Fetched 100 markets, total: 1700
2025-08-14 17:32:39,583 - adapters.kalshi.client - INFO - Fetched 100 markets, total: 1800
2025-08-14 17:32:39,935 - adapters.kalshi.client - INFO - Fetched 100 markets, total: 1900
2025-08-14 17:32:40,276 - adapters.kalshi.client - INFO - Fetched 100 markets, total: 2000
2025-08-14 17:32:40,619 - adapters.kalshi.client - INFO - Fetched 100 markets, total: 2100
2025-08-14 17:32:40,959 - adapters.kalshi.client - INFO - Fetched 100 markets, total: 2200
2025-08-14 17:32:41,300 - adapters.kalshi.client - INFO - Fetched 100 markets, total: 2300
2025-08-14 17:32:41,639 - adapters.kalshi.client - INFO - Fetched 100 markets, total: 2400
2025-08-14 17:32:42,003 - adapters.kalshi.client - INFO - Fetched 100 markets, total: 2500
2025-08-14 17:32:42,364 - adapters.kalshi.client - INFO - Fetched 100 markets, total: 2600
2025-08-14 17:32:42,540 - adapters.kalshi.client - INFO - Fetched 100 markets, total: 2700
2025-08-14 17:32:42,713 - adapters.kalshi.client - INFO - Fetched 100 markets, total: 2800
2025-08-14 17:32:42,885 - adapters.kalshi.client - INFO - Fetched 100 markets, total: 2900
2025-08-14 17:32:43,230 - adapters.kalshi.client - INFO - Fetched 100 markets, total: 3000
2025-08-14 17:32:43,567 - adapters.kalshi.client - INFO - Fetched 100 markets, total: 3100
2025-08-14 17:32:43,734 - adapters.kalshi.client - INFO - Fetched 100 markets, total: 3200
2025-08-14 17:32:44,141 - adapters.kalshi.client - INFO - Fetched 100 markets, total: 3300
2025-08-14 17:32:44,476 - adapters.kalshi.client - INFO - Fetched 100 markets, total: 3400
2025-08-14 17:32:44,642 - adapters.kalshi.client - INFO - Fetched 100 markets, total: 3500
2025-08-14 17:32:44,974 - adapters.kalshi.client - INFO - Fetched 100 markets, total: 3600
2025-08-14 17:32:45,159 - adapters.kalshi.client - INFO - Fetched 100 markets, total: 3700
2025-08-14 17:32:45,516 - adapters.kalshi.client - INFO - Fetched 100 markets, total: 3800
2025-08-14 17:32:45,844 - adapters.kalshi.client - INFO - Fetched 100 markets, total: 3900
2025-08-14 17:32:46,183 - adapters.kalshi.client - INFO - Fetched 100 markets, total: 4000
2025-08-14 17:32:46,506 - adapters.kalshi.client - INFO - Fetched 100 markets, total: 4100
2025-08-14 17:32:46,676 - adapters.kalshi.client - INFO - Fetched 100 markets, total: 4200
2025-08-14 17:32:47,085 - adapters.kalshi.client - INFO - Fetched 100 markets, total: 4300
2025-08-14 17:32:47,262 - adapters.kalshi.client - INFO - Fetched 100 markets, total: 4400
2025-08-14 17:32:47,609 - adapters.kalshi.client - INFO - Fetched 100 markets, total: 4500
2025-08-14 17:32:47,786 - adapters.kalshi.client - INFO - Fetched 100 markets, total: 4600
2025-08-14 17:32:47,976 - adapters.kalshi.client - INFO - Fetched 100 markets, total: 4700
2025-08-14 17:32:48,299 - adapters.kalshi.client - INFO - Fetched 100 markets, total: 4800
2025-08-14 17:32:48,484 - adapters.kalshi.client - INFO - Fetched 100 markets, total: 4900
2025-08-14 17:32:48,654 - adapters.kalshi.client - INFO - Fetched 100 markets, total: 5000
2025-08-14 17:32:48,824 - adapters.kalshi.client - INFO - Fetched 100 markets, total: 5100
2025-08-14 17:32:48,992 - adapters.kalshi.client - INFO - Fetched 100 markets, total: 5200
2025-08-14 17:32:49,163 - adapters.kalshi.client - INFO - Fetched 100 markets, total: 5300
2025-08-14 17:32:49,350 - adapters.kalshi.client - INFO - Fetched 100 markets, total: 5400
2025-08-14 17:32:49,742 - adapters.kalshi.client - INFO - Fetched 100 markets, total: 5500
2025-08-14 17:32:50,058 - adapters.kalshi.client - INFO - Fetched 100 markets, total: 5600
2025-08-14 17:32:50,372 - adapters.kalshi.client - INFO - Fetched 100 markets, total: 5700
2025-08-14 17:32:50,739 - adapters.kalshi.client - INFO - Fetched 100 markets, total: 5800
2025-08-14 17:32:51,051 - adapters.kalshi.client - INFO - Fetched 100 markets, total: 5900
2025-08-14 17:32:51,210 - adapters.kalshi.client - INFO - Fetched 100 markets, total: 6000
2025-08-14 17:32:51,519 - adapters.kalshi.client - INFO - Fetched 100 markets, total: 6100
2025-08-14 17:32:51,836 - adapters.kalshi.client - INFO - Fetched 100 markets, total: 6200
2025-08-14 17:32:52,000 - adapters.kalshi.client - INFO - Fetched 100 markets, total: 6300
2025-08-14 17:32:52,346 - adapters.kalshi.client - INFO - Fetched 100 markets, total: 6400
2025-08-14 17:32:52,517 - adapters.kalshi.client - INFO - Fetched 100 markets, total: 6500
2025-08-14 17:32:52,688 - adapters.kalshi.client - INFO - Fetched 100 markets, total: 6600
2025-08-14 17:32:52,864 - adapters.kalshi.client - INFO - Fetched 100 markets, total: 6700
2025-08-14 17:32:53,039 - adapters.kalshi.client - INFO - Fetched 100 markets, total: 6800
2025-08-14 17:32:53,368 - adapters.kalshi.client - INFO - Fetched 100 markets, total: 6900
2025-08-14 17:32:53,700 - adapters.kalshi.client - INFO - Fetched 100 markets, total: 7000
2025-08-14 17:32:53,864 - adapters.kalshi.client - INFO - Fetched 100 markets, total: 7100
2025-08-14 17:32:54,059 - adapters.kalshi.client - INFO - Fetched 100 markets, total: 7200
2025-08-14 17:32:54,221 - adapters.kalshi.client - INFO - Fetched 100 markets, total: 7300
2025-08-14 17:32:54,381 - adapters.kalshi.client - INFO - Fetched 100 markets, total: 7400
2025-08-14 17:32:54,690 - adapters.kalshi.client - INFO - Fetched 100 markets, total: 7500
2025-08-14 17:32:55,006 - adapters.kalshi.client - INFO - Fetched 100 markets, total: 7600
2025-08-14 17:32:55,174 - adapters.kalshi.client - INFO - Fetched 100 markets, total: 7700
2025-08-14 17:32:55,476 - adapters.kalshi.client - INFO - Fetched 100 markets, total: 7800
2025-08-14 17:32:55,788 - adapters.kalshi.client - INFO - Fetched 100 markets, total: 7900
2025-08-14 17:32:56,090 - adapters.kalshi.client - INFO - Fetched 100 markets, total: 8000
2025-08-14 17:32:56,423 - adapters.kalshi.client - INFO - Fetched 100 markets, total: 8100
2025-08-14 17:32:56,722 - adapters.kalshi.client - INFO - Fetched 100 markets, total: 8200
2025-08-14 17:32:56,921 - adapters.kalshi.client - INFO - Fetched 100 markets, total: 8300
2025-08-14 17:32:57,253 - adapters.kalshi.client - INFO - Fetched 100 markets, total: 8400
2025-08-14 17:32:57,546 - adapters.kalshi.client - INFO - Fetched 100 markets, total: 8500
2025-08-14 17:32:57,840 - adapters.kalshi.client - INFO - Fetched 100 markets, total: 8600
2025-08-14 17:32:58,140 - adapters.kalshi.client - INFO - Fetched 100 markets, total: 8700
2025-08-14 17:32:58,433 - adapters.kalshi.client - INFO - Fetched 100 markets, total: 8800
2025-08-14 17:32:58,736 - adapters.kalshi.client - INFO - Fetched 100 markets, total: 8900
2025-08-14 17:32:58,932 - adapters.kalshi.client - INFO - Fetched 100 markets, total: 9000
2025-08-14 17:32:59,122 - adapters.kalshi.client - INFO - Fetched 100 markets, total: 9100
2025-08-14 17:32:59,408 - adapters.kalshi.client - INFO - Fetched 100 markets, total: 9200
2025-08-14 17:32:59,696 - adapters.kalshi.client - INFO - Fetched 100 markets, total: 9300
2025-08-14 17:32:59,875 - adapters.kalshi.client - INFO - Fetched 100 markets, total: 9400
2025-08-14 17:33:00,161 - adapters.kalshi.client - INFO - Fetched 100 markets, total: 9500
2025-08-14 17:33:00,440 - adapters.kalshi.client - INFO - Fetched 100 markets, total: 9600
2025-08-14 17:33:00,629 - adapters.kalshi.client - INFO - Fetched 100 markets, total: 9700
2025-08-14 17:33:00,837 - adapters.kalshi.client - INFO - Fetched 100 markets, total: 9800
2025-08-14 17:33:01,044 - adapters.kalshi.client - INFO - Fetched 100 markets, total: 9900
2025-08-14 17:33:01,336 - adapters.kalshi.client - INFO - Fetched 100 markets, total: 10000
2025-08-14 17:33:01,580 - adapters.kalshi.client - INFO - Fetched 100 markets, total: 10100
2025-08-14 17:33:01,764 - adapters.kalshi.client - INFO - Fetched 100 markets, total: 10200
2025-08-14 17:33:01,928 - adapters.kalshi.client - INFO - Fetched 100 markets, total: 10300
2025-08-14 17:33:02,211 - adapters.kalshi.client - INFO - Fetched 100 markets, total: 10400
2025-08-14 17:33:02,373 - adapters.kalshi.client - INFO - Fetched 100 markets, total: 10500
2025-08-14 17:33:02,561 - adapters.kalshi.client - INFO - Fetched 100 markets, total: 10600
2025-08-14 17:33:02,838 - adapters.kalshi.client - INFO - Fetched 100 markets, total: 10700
2025-08-14 17:33:03,002 - adapters.kalshi.client - INFO - Fetched 100 markets, total: 10800
2025-08-14 17:33:03,164 - adapters.kalshi.client - INFO - Fetched 100 markets, total: 10900
2025-08-14 17:33:03,323 - adapters.kalshi.client - INFO - Fetched 100 markets, total: 11000
2025-08-14 17:33:03,490 - adapters.kalshi.client - INFO - Fetched 100 markets, total: 11100
2025-08-14 17:33:03,765 - adapters.kalshi.client - INFO - Fetched 100 markets, total: 11200
2025-08-14 17:33:03,984 - adapters.kalshi.client - INFO - Fetched 100 markets, total: 11300
2025-08-14 17:33:04,162 - adapters.kalshi.client - INFO - Fetched 100 markets, total: 11400
2025-08-14 17:33:04,437 - adapters.kalshi.client - INFO - Fetched 100 markets, total: 11500
2025-08-14 17:33:04,646 - adapters.kalshi.client - INFO - Fetched 100 markets, total: 11600
2025-08-14 17:33:04,984 - adapters.kalshi.client - INFO - Fetched 100 markets, total: 11700
2025-08-14 17:33:05,154 - adapters.kalshi.client - INFO - Fetched 100 markets, total: 11800
2025-08-14 17:33:05,474 - adapters.kalshi.client - INFO - Fetched 100 markets, total: 11900
2025-08-14 17:33:05,646 - adapters.kalshi.client - INFO - Fetched 100 markets, total: 12000
2025-08-14 17:33:05,834 - adapters.kalshi.client - INFO - Fetched 100 markets, total: 12100
2025-08-14 17:33:06,009 - adapters.kalshi.client - INFO - Fetched 100 markets, total: 12200
2025-08-14 17:33:06,170 - adapters.kalshi.client - INFO - Fetched 100 markets, total: 12300
2025-08-14 17:33:06,365 - adapters.kalshi.client - INFO - Fetched 100 markets, total: 12400
2025-08-14 17:33:06,564 - adapters.kalshi.client - INFO - Fetched 100 markets, total: 12500
2025-08-14 17:33:06,736 - adapters.kalshi.client - INFO - Fetched 100 markets, total: 12600
2025-08-14 17:33:07,077 - adapters.kalshi.client - INFO - Fetched 100 markets, total: 12700
2025-08-14 17:33:07,303 - adapters.kalshi.client - INFO - Fetched 100 markets, total: 12800
2025-08-14 17:33:07,542 - adapters.kalshi.client - INFO - Fetched 100 markets, total: 12900
2025-08-14 17:33:07,708 - adapters.kalshi.client - INFO - Fetched 100 markets, total: 13000
2025-08-14 17:33:07,961 - adapters.kalshi.client - INFO - Fetched 100 markets, total: 13100
2025-08-14 17:33:08,203 - adapters.kalshi.client - INFO - Fetched 100 markets, total: 13200
2025-08-14 17:33:08,460 - adapters.kalshi.client - INFO - Fetched 100 markets, total: 13300
2025-08-14 17:33:08,691 - adapters.kalshi.client - INFO - Fetched 100 markets, total: 13400
2025-08-14 17:33:08,955 - adapters.kalshi.client - INFO - Fetched 100 markets, total: 13500
2025-08-14 17:33:09,202 - adapters.kalshi.client - INFO - Fetched 100 markets, total: 13600
2025-08-14 17:33:09,391 - adapters.kalshi.client - INFO - Fetched 100 markets, total: 13700
2025-08-14 17:33:09,635 - adapters.kalshi.client - INFO - Fetched 100 markets, total: 13800
2025-08-14 17:33:09,794 - adapters.kalshi.client - INFO - Fetched 100 markets, total: 13900
2025-08-14 17:33:09,957 - adapters.kalshi.client - INFO - Fetched 100 markets, total: 14000
2025-08-14 17:33:10,152 - adapters.kalshi.client - INFO - Fetched 100 markets, total: 14100
2025-08-14 17:33:10,320 - adapters.kalshi.client - INFO - Fetched 100 markets, total: 14200
2025-08-14 17:33:10,477 - adapters.kalshi.client - INFO - Fetched 100 markets, total: 14300
2025-08-14 17:33:10,637 - adapters.kalshi.client - INFO - Fetched 100 markets, total: 14400
2025-08-14 17:33:10,887 - adapters.kalshi.client - INFO - Fetched 100 markets, total: 14500
2025-08-14 17:33:11,172 - adapters.kalshi.adapter - INFO - Discovered 14544 total open markets
2025-08-14 17:33:11,172 - adapters.kalshi.adapter - INFO - Auto-discovered 50 markets: ['KXTRUMPMENTIONDURATION-AUG1625-6', 'KXTRUMPMENTIONDURATION-AUG1625-5', 'KXTRUMPMENTIONDURATION-AUG1625-4', 'KXTRUMPMENTIONDURATION-AUG1625-3', 'KXTRUMPMENTIONDURATION-AUG1625-2', 'KXTRUMPMENTIONDURATION-AUG1625-1', 'KXNEWOUTBREAKPHEICCHIK-25', 'KXNEWOUTBREAKPCHIK-25', 'KXFDAAPPROVAL-25-TNX', 'KXTRUMPMENTION-25AUG16-CANCEL']...
2025-08-14 17:33:11,197 - adapters.kalshi.adapter - INFO - Discovered 50 target markets
2025-08-14 17:33:11,213 - adapters.kalshi.adapter - INFO - Book state: DISCONNECTED -> CONNECTING
2025-08-14 17:33:11,214 - adapters.kalshi.client - INFO - Connecting to Kalshi WebSocket: wss://api.elections.kalshi.com/trade-api/ws/v2
2025-08-14 17:33:11,391 - adapters.kalshi.client - ERROR - Failed to connect to Kalshi WebSocket: server rejected WebSocket connection: HTTP 401
2025-08-14 17:33:11,392 - adapters.kalshi.adapter - ERROR - Kalshi WebSocket error: server rejected WebSocket connection: HTTP 401
2025-08-14 17:33:11,392 - adapters.kalshi.client - INFO - Reconnecting in 1.0s (attempt 1)
2025-08-14 17:33:12,393 - adapters.kalshi.client - INFO - Connecting to Kalshi WebSocket: wss://api.elections.kalshi.com/trade-api/ws/v2
2025-08-14 17:33:12,607 - adapters.kalshi.client - INFO - Kalshi WebSocket connected successfully
2025-08-14 17:33:12,608 - adapters.kalshi.adapter - INFO - Kalshi WebSocket connected
2025-08-14 17:33:12,608 - adapters.kalshi.adapter - INFO - Book state: CONNECTING -> WAIT_SNAPSHOT
2025-08-14 17:33:12,608 - adapters.kalshi.client - INFO - Subscribing to ['orderbook_delta'] for market: KXTRUMPMENTIONDURATION-AUG1625-6
2025-08-14 17:33:12,708 - adapters.kalshi.client - INFO - Subscribing to ['orderbook_delta'] for market: KXTRUMPMENTIONDURATION-AUG1625-5
2025-08-14 17:33:12,809 - adapters.kalshi.client - INFO - Subscribing to ['orderbook_delta'] for market: KXTRUMPMENTIONDURATION-AUG1625-4
2025-08-14 17:33:12,910 - adapters.kalshi.client - INFO - Subscribing to ['orderbook_delta'] for market: KXTRUMPMENTIONDURATION-AUG1625-3
2025-08-14 17:33:13,011 - adapters.kalshi.client - INFO - Subscribing to ['orderbook_delta'] for market: KXTRUMPMENTIONDURATION-AUG1625-2
2025-08-14 17:33:13,112 - adapters.kalshi.client - INFO - Subscribing to ['orderbook_delta'] for market: KXTRUMPMENTIONDURATION-AUG1625-1
2025-08-14 17:33:13,213 - adapters.kalshi.client - INFO - Subscribing to ['orderbook_delta'] for market: KXNEWOUTBREAKPHEICCHIK-25
2025-08-14 17:33:13,314 - adapters.kalshi.client - INFO - Subscribing to ['orderbook_delta'] for market: KXNEWOUTBREAKPCHIK-25
2025-08-14 17:33:13,416 - adapters.kalshi.client - INFO - Subscribing to ['orderbook_delta'] for market: KXFDAAPPROVAL-25-TNX
2025-08-14 17:33:13,518 - adapters.kalshi.client - INFO - Subscribing to ['orderbook_delta'] for market: KXTRUMPMENTION-25AUG16-CANCEL
2025-08-14 17:33:13,619 - adapters.kalshi.client - INFO - Subscribing to ['orderbook_delta'] for market: KXTRUMPMENTION-25AUG16-WW
2025-08-14 17:33:13,720 - adapters.kalshi.client - INFO - Subscribing to ['orderbook_delta'] for market: KXTRUMPMENTION-25AUG16-WD
2025-08-14 17:33:13,821 - adapters.kalshi.client - INFO - Subscribing to ['orderbook_delta'] for market: KXTRUMPMENTION-25AUG16-TR
2025-08-14 17:33:13,923 - adapters.kalshi.client - INFO - Subscribing to ['orderbook_delta'] for market: KXTRUMPMENTION-25AUG16-TA
2025-08-14 17:33:14,024 - adapters.kalshi.client - INFO - Subscribing to ['orderbook_delta'] for market: KXTRUMPMENTION-25AUG16-RE
2025-08-14 17:33:14,125 - adapters.kalshi.client - INFO - Subscribing to ['orderbook_delta'] for market: KXTRUMPMENTION-25AUG16-PX
2025-08-14 17:33:14,226 - adapters.kalshi.client - INFO - Subscribing to ['orderbook_delta'] for market: KXTRUMPMENTION-25AUG16-OI
2025-08-14 17:33:14,328 - adapters.kalshi.client - INFO - Subscribing to ['orderbook_delta'] for market: KXTRUMPMENTION-25AUG16-NU
2025-08-14 17:33:14,429 - adapters.kalshi.client - INFO - Subscribing to ['orderbook_delta'] for market: KXTRUMPMENTION-25AUG16-NO
2025-08-14 17:33:14,529 - adapters.kalshi.client - INFO - Subscribing to ['orderbook_delta'] for market: KXTRUMPMENTION-25AUG16-JA
2025-08-14 17:33:14,630 - adapters.kalshi.client - INFO - Subscribing to ['orderbook_delta'] for market: KXTRUMPMENTION-25AUG16-IR
2025-08-14 17:33:14,732 - adapters.kalshi.client - INFO - Subscribing to ['orderbook_delta'] for market: KXTRUMPMENTION-25AUG16-IN
2025-08-14 17:33:14,833 - adapters.kalshi.client - INFO - Subscribing to ['orderbook_delta'] for market: KXTRUMPMENTION-25AUG16-DC
2025-08-14 17:33:14,934 - adapters.kalshi.client - INFO - Subscribing to ['orderbook_delta'] for market: KXTRUMPMENTION-25AUG16-DB
2025-08-14 17:33:15,035 - adapters.kalshi.client - INFO - Subscribing to ['orderbook_delta'] for market: KXTRUMPMENTION-25AUG16-ZEL
2025-08-14 17:33:15,137 - adapters.kalshi.client - INFO - Subscribing to ['orderbook_delta'] for market: KXTRUMPMENTION-25AUG16-SA
2025-08-14 17:33:15,239 - adapters.kalshi.client - INFO - Subscribing to ['orderbook_delta'] for market: KXTRUMPMENTION-25AUG16-NA
2025-08-14 17:33:15,340 - adapters.kalshi.client - INFO - Subscribing to ['orderbook_delta'] for market: KXTRUMPMENTION-25AUG16-MI
2025-08-14 17:33:15,440 - adapters.kalshi.client - INFO - Subscribing to ['orderbook_delta'] for market: KXTRUMPMENTION-25AUG16-KI
2025-08-14 17:33:15,541 - adapters.kalshi.client - INFO - Subscribing to ['orderbook_delta'] for market: KXTRUMPMENTION-25AUG16-HE
2025-08-14 17:33:15,643 - adapters.kalshi.client - INFO - Subscribing to ['orderbook_delta'] for market: KXTRUMPMENTION-25AUG16-GA
2025-08-14 17:33:15,744 - adapters.kalshi.client - INFO - Subscribing to ['orderbook_delta'] for market: KXTRUMPMENTION-25AUG16-EUR
2025-08-14 17:33:15,844 - adapters.kalshi.client - INFO - Subscribing to ['orderbook_delta'] for market: KXTRUMPMENTION-25AUG16-EL
2025-08-14 17:33:15,945 - adapters.kalshi.client - INFO - Subscribing to ['orderbook_delta'] for market: KXTRUMPMENTION-25AUG16-CR
2025-08-14 17:33:16,047 - adapters.kalshi.client - INFO - Subscribing to ['orderbook_delta'] for market: KXTRUMPMENTION-25AUG16-BID
2025-08-14 17:33:16,148 - adapters.kalshi.client - INFO - Subscribing to ['orderbook_delta'] for market: KXTRUMPMENTION-25AUG16-AUT
2025-08-14 17:33:16,249 - adapters.kalshi.client - INFO - Subscribing to ['orderbook_delta'] for market: KXTRUMPMENTION-25AUG16-EN
2025-08-14 17:33:16,350 - adapters.kalshi.client - INFO - Subscribing to ['orderbook_delta'] for market: KXTRUMPMENTION-25AUG16-CEA
2025-08-14 17:33:16,450 - adapters.kalshi.client - INFO - Subscribing to ['orderbook_delta'] for market: KXTRUMPMENTION-25AUG16-BO
2025-08-14 17:33:16,552 - adapters.kalshi.client - INFO - Subscribing to ['orderbook_delta'] for market: KXWNBA7FIGS-25
2025-08-14 17:33:16,652 - adapters.kalshi.client - INFO - Subscribing to ['orderbook_delta'] for market: KXRTNOBODY2-82
2025-08-14 17:33:16,753 - adapters.kalshi.client - INFO - Subscribing to ['orderbook_delta'] for market: KXRTNOBODY2-78
2025-08-14 17:33:16,855 - adapters.kalshi.client - INFO - Subscribing to ['orderbook_delta'] for market: KXPAYROLLS-25AUG-T75000
2025-08-14 17:33:16,955 - adapters.kalshi.client - INFO - Subscribing to ['orderbook_delta'] for market: KXPAYROLLS-25AUG-T50000
2025-08-14 17:33:17,056 - adapters.kalshi.client - INFO - Subscribing to ['orderbook_delta'] for market: KXPAYROLLS-25AUG-T25000
2025-08-14 17:33:17,157 - adapters.kalshi.client - INFO - Subscribing to ['orderbook_delta'] for market: KXFOMCVOTE-DISSENT-25OCT31
2025-08-14 17:33:17,258 - adapters.kalshi.client - INFO - Subscribing to ['orderbook_delta'] for market: KXODINVCTFINALS-25
2025-08-14 17:33:17,359 - adapters.kalshi.client - INFO - Subscribing to ['orderbook_delta'] for market: KXQUANTUM-40
2025-08-14 17:33:17,460 - adapters.kalshi.client - INFO - Subscribing to ['orderbook_delta'] for market: KXQUANTUM-35
2025-08-14 17:33:17,561 - adapters.kalshi.client - INFO - Subscribing to ['orderbook_delta'] for market: KXQUANTUM-30
2025-08-14 17:33:17,663 - adapters.kalshi.adapter - INFO - Subscribed to orderbooks for 50 markets
2025-08-14 17:33:17,663 - adapters.kalshi.client - INFO - Resubscribing to all markets after reconnection
2025-08-14 17:33:17,663 - adapters.kalshi.client - INFO - Subscribing to ['orderbook_delta'] for market: KXTRUMPMENTIONDURATION-AUG1625-6
2025-08-14 17:33:17,865 - adapters.kalshi.client - INFO - Subscribing to ['orderbook_delta'] for market: KXTRUMPMENTIONDURATION-AUG1625-5
2025-08-14 17:33:18,066 - adapters.kalshi.client - INFO - Subscribing to ['orderbook_delta'] for market: KXTRUMPMENTIONDURATION-AUG1625-4
2025-08-14 17:33:18,268 - adapters.kalshi.client - INFO - Subscribing to ['orderbook_delta'] for market: KXTRUMPMENTIONDURATION-AUG1625-3
2025-08-14 17:33:18,470 - adapters.kalshi.client - INFO - Subscribing to ['orderbook_delta'] for market: KXTRUMPMENTIONDURATION-AUG1625-2
2025-08-14 17:33:18,671 - adapters.kalshi.client - INFO - Subscribing to ['orderbook_delta'] for market: KXTRUMPMENTIONDURATION-AUG1625-1
2025-08-14 17:33:18,872 - adapters.kalshi.client - INFO - Subscribing to ['orderbook_delta'] for market: KXNEWOUTBREAKPHEICCHIK-25
2025-08-14 17:33:19,073 - adapters.kalshi.client - INFO - Subscribing to ['orderbook_delta'] for market: KXNEWOUTBREAKPCHIK-25
2025-08-14 17:33:19,275 - adapters.kalshi.client - INFO - Subscribing to ['orderbook_delta'] for market: KXFDAAPPROVAL-25-TNX
2025-08-14 17:33:19,475 - adapters.kalshi.client - INFO - Subscribing to ['orderbook_delta'] for market: KXTRUMPMENTION-25AUG16-CANCEL
2025-08-14 17:33:19,677 - adapters.kalshi.client - INFO - Subscribing to ['orderbook_delta'] for market: KXTRUMPMENTION-25AUG16-WW
2025-08-14 17:33:19,878 - adapters.kalshi.client - INFO - Subscribing to ['orderbook_delta'] for market: KXTRUMPMENTION-25AUG16-WD
2025-08-14 17:33:20,079 - adapters.kalshi.client - INFO - Subscribing to ['orderbook_delta'] for market: KXTRUMPMENTION-25AUG16-TR
2025-08-14 17:33:20,280 - adapters.kalshi.client - INFO - Subscribing to ['orderbook_delta'] for market: KXTRUMPMENTION-25AUG16-TA
2025-08-14 17:33:20,481 - adapters.kalshi.client - INFO - Subscribing to ['orderbook_delta'] for market: KXTRUMPMENTION-25AUG16-RE
2025-08-14 17:33:20,683 - adapters.kalshi.client - INFO - Subscribing to ['orderbook_delta'] for market: KXTRUMPMENTION-25AUG16-PX
2025-08-14 17:33:20,884 - adapters.kalshi.client - INFO - Subscribing to ['orderbook_delta'] for market: KXTRUMPMENTION-25AUG16-OI
2025-08-14 17:33:21,085 - adapters.kalshi.client - INFO - Subscribing to ['orderbook_delta'] for market: KXTRUMPMENTION-25AUG16-NU
2025-08-14 17:33:21,286 - adapters.kalshi.client - INFO - Subscribing to ['orderbook_delta'] for market: KXTRUMPMENTION-25AUG16-NO
2025-08-14 17:33:21,488 - adapters.kalshi.client - INFO - Subscribing to ['orderbook_delta'] for market: KXTRUMPMENTION-25AUG16-JA
2025-08-14 17:33:21,688 - adapters.kalshi.client - INFO - Subscribing to ['orderbook_delta'] for market: KXTRUMPMENTION-25AUG16-IR
2025-08-14 17:33:21,889 - adapters.kalshi.client - INFO - Subscribing to ['orderbook_delta'] for market: KXTRUMPMENTION-25AUG16-IN
2025-08-14 17:33:22,090 - adapters.kalshi.client - INFO - Subscribing to ['orderbook_delta'] for market: KXTRUMPMENTION-25AUG16-DC
2025-08-14 17:33:22,292 - adapters.kalshi.client - INFO - Subscribing to ['orderbook_delta'] for market: KXTRUMPMENTION-25AUG16-DB
2025-08-14 17:33:22,492 - adapters.kalshi.client - INFO - Subscribing to ['orderbook_delta'] for market: KXTRUMPMENTION-25AUG16-ZEL
2025-08-14 17:33:22,693 - adapters.kalshi.client - INFO - Subscribing to ['orderbook_delta'] for market: KXTRUMPMENTION-25AUG16-SA
2025-08-14 17:33:22,894 - adapters.kalshi.client - INFO - Subscribing to ['orderbook_delta'] for market: KXTRUMPMENTION-25AUG16-NA
2025-08-14 17:33:23,096 - adapters.kalshi.client - INFO - Subscribing to ['orderbook_delta'] for market: KXTRUMPMENTION-25AUG16-MI
2025-08-14 17:33:23,297 - adapters.kalshi.client - INFO - Subscribing to ['orderbook_delta'] for market: KXTRUMPMENTION-25AUG16-KI
2025-08-14 17:33:23,498 - adapters.kalshi.client - INFO - Subscribing to ['orderbook_delta'] for market: KXTRUMPMENTION-25AUG16-HE
2025-08-14 17:33:23,699 - adapters.kalshi.client - INFO - Subscribing to ['orderbook_delta'] for market: KXTRUMPMENTION-25AUG16-GA
2025-08-14 17:33:23,901 - adapters.kalshi.client - INFO - Subscribing to ['orderbook_delta'] for market: KXTRUMPMENTION-25AUG16-EUR
2025-08-14 17:33:24,102 - adapters.kalshi.client - INFO - Subscribing to ['orderbook_delta'] for market: KXTRUMPMENTION-25AUG16-EL
2025-08-14 17:33:24,303 - adapters.kalshi.client - INFO - Subscribing to ['orderbook_delta'] for market: KXTRUMPMENTION-25AUG16-CR
2025-08-14 17:33:24,505 - adapters.kalshi.client - INFO - Subscribing to ['orderbook_delta'] for market: KXTRUMPMENTION-25AUG16-BID
2025-08-14 17:33:24,706 - adapters.kalshi.client - INFO - Subscribing to ['orderbook_delta'] for market: KXTRUMPMENTION-25AUG16-AUT
2025-08-14 17:33:24,908 - adapters.kalshi.client - INFO - Subscribing to ['orderbook_delta'] for market: KXTRUMPMENTION-25AUG16-EN
2025-08-14 17:33:25,110 - adapters.kalshi.client - INFO - Subscribing to ['orderbook_delta'] for market: KXTRUMPMENTION-25AUG16-CEA
2025-08-14 17:33:25,312 - adapters.kalshi.client - INFO - Subscribing to ['orderbook_delta'] for market: KXTRUMPMENTION-25AUG16-BO
2025-08-14 17:33:25,513 - adapters.kalshi.client - INFO - Subscribing to ['orderbook_delta'] for market: KXWNBA7FIGS-25
2025-08-14 17:33:25,714 - adapters.kalshi.client - INFO - Subscribing to ['orderbook_delta'] for market: KXRTNOBODY2-82
2025-08-14 17:33:25,915 - adapters.kalshi.client - INFO - Subscribing to ['orderbook_delta'] for market: KXRTNOBODY2-78
2025-08-14 17:33:26,116 - adapters.kalshi.client - INFO - Subscribing to ['orderbook_delta'] for market: KXPAYROLLS-25AUG-T75000
2025-08-14 17:33:26,319 - adapters.kalshi.client - INFO - Subscribing to ['orderbook_delta'] for market: KXPAYROLLS-25AUG-T50000
2025-08-14 17:33:26,520 - adapters.kalshi.client - INFO - Subscribing to ['orderbook_delta'] for market: KXPAYROLLS-25AUG-T25000
2025-08-14 17:33:26,723 - adapters.kalshi.client - INFO - Subscribing to ['orderbook_delta'] for market: KXFOMCVOTE-DISSENT-25OCT31
2025-08-14 17:33:26,924 - adapters.kalshi.client - INFO - Subscribing to ['orderbook_delta'] for market: KXODINVCTFINALS-25
2025-08-14 17:33:27,124 - adapters.kalshi.client - INFO - Subscribing to ['orderbook_delta'] for market: KXQUANTUM-40
2025-08-14 17:33:27,325 - adapters.kalshi.client - INFO - Subscribing to ['orderbook_delta'] for market: KXQUANTUM-35
2025-08-14 17:33:27,526 - adapters.kalshi.client - INFO - Subscribing to ['orderbook_delta'] for market: KXQUANTUM-30
2025-08-14 17:33:27,728 - adapters.kalshi.adapter - INFO - Subscription confirmed: {'channel': 'orderbook_delta', 'sid': 1}
2025-08-14 17:33:27,728 - adapters.kalshi.adapter - INFO - Fetching initial orderbook snapshots
2025-08-14 17:33:27,851 - adapters.kalshi.adapter - ERROR - Error publishing event: 'dict' object has no attribute 'market_id'
2025-08-14 17:33:28,001 - adapters.kalshi.adapter - ERROR - Error publishing event: 'dict' object has no attribute 'market_id'
2025-08-14 17:33:28,149 - adapters.kalshi.adapter - ERROR - Error publishing event: 'dict' object has no attribute 'market_id'
2025-08-14 17:33:28,296 - adapters.kalshi.adapter - ERROR - Error publishing event: 'dict' object has no attribute 'market_id'
2025-08-14 17:33:28,448 - adapters.kalshi.adapter - ERROR - Error publishing event: 'dict' object has no attribute 'market_id'
2025-08-14 17:33:28,600 - adapters.kalshi.adapter - ERROR - Error publishing event: 'dict' object has no attribute 'market_id'
2025-08-14 17:33:28,753 - adapters.kalshi.adapter - ERROR - Error publishing event: 'dict' object has no attribute 'market_id'
2025-08-14 17:33:28,903 - adapters.kalshi.adapter - ERROR - Error fetching orderbook for KXNEWOUTBREAKPCHIK-25: 'NoneType' object is not iterable
2025-08-14 17:33:28,957 - adapters.kalshi.adapter - ERROR - Error publishing event: 'dict' object has no attribute 'market_id'
2025-08-14 17:33:29,105 - adapters.kalshi.adapter - ERROR - Error publishing event: 'dict' object has no attribute 'market_id'
2025-08-14 17:33:29,255 - adapters.kalshi.adapter - ERROR - Error publishing event: 'dict' object has no attribute 'market_id'
2025-08-14 17:33:29,406 - adapters.kalshi.adapter - ERROR - Error publishing event: 'dict' object has no attribute 'market_id'
2025-08-14 17:33:29,556 - adapters.kalshi.adapter - ERROR - Error publishing event: 'dict' object has no attribute 'market_id'
2025-08-14 17:33:29,709 - adapters.kalshi.adapter - ERROR - Error publishing event: 'dict' object has no attribute 'market_id'
2025-08-14 17:33:29,860 - adapters.kalshi.adapter - ERROR - Error publishing event: 'dict' object has no attribute 'market_id'
2025-08-14 17:33:30,008 - adapters.kalshi.adapter - ERROR - Error publishing event: 'dict' object has no attribute 'market_id'
2025-08-14 17:33:30,156 - adapters.kalshi.adapter - ERROR - Error publishing event: 'dict' object has no attribute 'market_id'
2025-08-14 17:33:30,307 - adapters.kalshi.adapter - ERROR - Error publishing event: 'dict' object has no attribute 'market_id'
2025-08-14 17:33:30,453 - adapters.kalshi.adapter - ERROR - Error publishing event: 'dict' object has no attribute 'market_id'
2025-08-14 17:33:30,604 - adapters.kalshi.adapter - ERROR - Error publishing event: 'dict' object has no attribute 'market_id'
2025-08-14 17:33:30,759 - adapters.kalshi.adapter - ERROR - Error publishing event: 'dict' object has no attribute 'market_id'
2025-08-14 17:33:30,912 - adapters.kalshi.adapter - ERROR - Error publishing event: 'dict' object has no attribute 'market_id'
2025-08-14 17:33:31,064 - adapters.kalshi.adapter - ERROR - Error publishing event: 'dict' object has no attribute 'market_id'
2025-08-14 17:33:31,215 - adapters.kalshi.adapter - ERROR - Error publishing event: 'dict' object has no attribute 'market_id'
2025-08-14 17:33:31,365 - adapters.kalshi.adapter - ERROR - Error publishing event: 'dict' object has no attribute 'market_id'
2025-08-14 17:33:31,515 - adapters.kalshi.adapter - ERROR - Error publishing event: 'dict' object has no attribute 'market_id'
2025-08-14 17:33:31,669 - adapters.kalshi.adapter - ERROR - Error publishing event: 'dict' object has no attribute 'market_id'
2025-08-14 17:33:31,819 - adapters.kalshi.adapter - ERROR - Error publishing event: 'dict' object has no attribute 'market_id'
2025-08-14 17:33:31,969 - adapters.kalshi.adapter - ERROR - Error publishing event: 'dict' object has no attribute 'market_id'
2025-08-14 17:33:32,120 - adapters.kalshi.adapter - ERROR - Error publishing event: 'dict' object has no attribute 'market_id'
2025-08-14 17:33:32,267 - adapters.kalshi.adapter - ERROR - Error publishing event: 'dict' object has no attribute 'market_id'
2025-08-14 17:33:32,416 - adapters.kalshi.adapter - ERROR - Error publishing event: 'dict' object has no attribute 'market_id'
2025-08-14 17:33:32,572 - adapters.kalshi.adapter - ERROR - Error publishing event: 'dict' object has no attribute 'market_id'
2025-08-14 17:33:32,728 - adapters.kalshi.adapter - ERROR - Error publishing event: 'dict' object has no attribute 'market_id'
2025-08-14 17:33:32,879 - adapters.kalshi.adapter - ERROR - Error fetching orderbook for KXTRUMPMENTION-25AUG16-BID: 'NoneType' object is not iterable
2025-08-14 17:33:32,938 - adapters.kalshi.adapter - ERROR - Error publishing event: 'dict' object has no attribute 'market_id'
2025-08-14 17:33:33,093 - adapters.kalshi.adapter - ERROR - Error publishing event: 'dict' object has no attribute 'market_id'
2025-08-14 17:33:33,243 - adapters.kalshi.adapter - ERROR - Error fetching orderbook for KXTRUMPMENTION-25AUG16-CEA: 'NoneType' object is not iterable
2025-08-14 17:33:33,299 - adapters.kalshi.adapter - ERROR - Error publishing event: 'dict' object has no attribute 'market_id'
2025-08-14 17:33:33,448 - adapters.kalshi.adapter - ERROR - Error publishing event: 'dict' object has no attribute 'market_id'
2025-08-14 17:33:33,602 - adapters.kalshi.adapter - ERROR - Error publishing event: 'dict' object has no attribute 'market_id'
2025-08-14 17:33:33,757 - adapters.kalshi.adapter - ERROR - Error publishing event: 'dict' object has no attribute 'market_id'
2025-08-14 17:33:33,919 - adapters.kalshi.adapter - ERROR - Error publishing event: 'dict' object has no attribute 'market_id'
2025-08-14 17:33:34,075 - adapters.kalshi.adapter - ERROR - Error publishing event: 'dict' object has no attribute 'market_id'
2025-08-14 17:33:34,226 - adapters.kalshi.adapter - ERROR - Error publishing event: 'dict' object has no attribute 'market_id'
2025-08-14 17:33:34,378 - adapters.kalshi.adapter - ERROR - Error publishing event: 'dict' object has no attribute 'market_id'
2025-08-14 17:33:34,526 - adapters.kalshi.adapter - ERROR - Error publishing event: 'dict' object has no attribute 'market_id'
2025-08-14 17:33:34,676 - adapters.kalshi.adapter - ERROR - Error publishing event: 'dict' object has no attribute 'market_id'
2025-08-14 17:33:34,824 - adapters.kalshi.adapter - ERROR - Error publishing event: 'dict' object has no attribute 'market_id'
2025-08-14 17:33:34,973 - adapters.kalshi.adapter - ERROR - Error publishing event: 'dict' object has no attribute 'market_id'
2025-08-14 17:33:35,073 - adapters.kalshi.adapter - ERROR - Error handling message: 'dict' object has no attribute 'market_id', message: {'type': 'orderbook_snapshot', 'sid': 1, 'seq': 1, 'msg': {'market_ticker': 'KXTRUMPMENTIONDURATION-AUG1625-6', 'market_id': '44a1b9fd-489c-4133-83f4-940294b036c1', 'yes': [[5, 100], [7, 100], [9, 50], [12, 500]], 'no': [[1, 100], [5, 100], [15, 100], [25, 100], [35, 100], [45, 100], [55, 100], [65, 100], [76, 100], [78, 100], [80, 50]]}}
2025-08-14 17:33:35,073 - adapters.kalshi.adapter - ERROR - Received error: {'code': 6, 'msg': 'Already subscribed'}
2025-08-14 17:33:35,073 - adapters.kalshi.adapter - ERROR - Received error: {'code': 6, 'msg': 'Already subscribed'}
2025-08-14 17:33:35,074 - adapters.kalshi.adapter - ERROR - Received error: {'code': 6, 'msg': 'Already subscribed'}
2025-08-14 17:33:35,074 - adapters.kalshi.adapter - ERROR - Received error: {'code': 6, 'msg': 'Already subscribed'}
2025-08-14 17:33:35,074 - adapters.kalshi.adapter - ERROR - Received error: {'code': 6, 'msg': 'Already subscribed'}
2025-08-14 17:33:35,074 - adapters.kalshi.adapter - ERROR - Received error: {'code': 6, 'msg': 'Already subscribed'}
2025-08-14 17:33:35,074 - adapters.kalshi.adapter - ERROR - Received error: {'code': 6, 'msg': 'Already subscribed'}
2025-08-14 17:33:35,074 - adapters.kalshi.adapter - ERROR - Received error: {'code': 6, 'msg': 'Already subscribed'}
2025-08-14 17:33:35,074 - adapters.kalshi.adapter - ERROR - Received error: {'code': 6, 'msg': 'Already subscribed'}
2025-08-14 17:33:35,074 - adapters.kalshi.adapter - ERROR - Received error: {'code': 6, 'msg': 'Already subscribed'}
2025-08-14 17:33:35,075 - adapters.kalshi.adapter - ERROR - Received error: {'code': 6, 'msg': 'Already subscribed'}
2025-08-14 17:33:35,075 - adapters.kalshi.adapter - ERROR - Received error: {'code': 6, 'msg': 'Already subscribed'}
2025-08-14 17:33:35,075 - adapters.kalshi.adapter - ERROR - Received error: {'code': 6, 'msg': 'Already subscribed'}
2025-08-14 17:33:35,075 - adapters.kalshi.adapter - ERROR - Received error: {'code': 6, 'msg': 'Already subscribed'}
2025-08-14 17:33:35,075 - adapters.kalshi.adapter - ERROR - Received error: {'code': 6, 'msg': 'Already subscribed'}
2025-08-14 17:33:35,075 - adapters.kalshi.adapter - ERROR - Received error: {'code': 6, 'msg': 'Already subscribed'}
2025-08-14 17:33:35,075 - adapters.kalshi.adapter - ERROR - Received error: {'code': 6, 'msg': 'Already subscribed'}
2025-08-14 17:33:35,076 - adapters.kalshi.adapter - ERROR - Received error: {'code': 6, 'msg': 'Already subscribed'}
2025-08-14 17:33:35,076 - adapters.kalshi.adapter - ERROR - Received error: {'code': 6, 'msg': 'Already subscribed'}
2025-08-14 17:33:35,076 - adapters.kalshi.adapter - ERROR - Received error: {'code': 6, 'msg': 'Already subscribed'}
2025-08-14 17:33:35,076 - adapters.kalshi.adapter - ERROR - Received error: {'code': 6, 'msg': 'Already subscribed'}
2025-08-14 17:33:35,076 - adapters.kalshi.adapter - ERROR - Received error: {'code': 6, 'msg': 'Already subscribed'}
2025-08-14 17:33:35,076 - adapters.kalshi.adapter - ERROR - Received error: {'code': 6, 'msg': 'Already subscribed'}
2025-08-14 17:33:35,076 - adapters.kalshi.adapter - ERROR - Received error: {'code': 6, 'msg': 'Already subscribed'}
2025-08-14 17:33:35,076 - adapters.kalshi.adapter - ERROR - Received error: {'code': 6, 'msg': 'Already subscribed'}
2025-08-14 17:33:35,076 - adapters.kalshi.adapter - ERROR - Received error: {'code': 6, 'msg': 'Already subscribed'}
2025-08-14 17:33:35,077 - adapters.kalshi.adapter - ERROR - Received error: {'code': 6, 'msg': 'Already subscribed'}
2025-08-14 17:33:35,077 - adapters.kalshi.adapter - ERROR - Received error: {'code': 6, 'msg': 'Already subscribed'}
2025-08-14 17:33:35,077 - adapters.kalshi.adapter - ERROR - Received error: {'code': 6, 'msg': 'Already subscribed'}
2025-08-14 17:33:35,077 - adapters.kalshi.adapter - ERROR - Received error: {'code': 6, 'msg': 'Already subscribed'}
2025-08-14 17:33:35,077 - adapters.kalshi.adapter - ERROR - Received error: {'code': 6, 'msg': 'Already subscribed'}
2025-08-14 17:33:35,077 - adapters.kalshi.adapter - ERROR - Received error: {'code': 6, 'msg': 'Already subscribed'}
2025-08-14 17:33:35,077 - adapters.kalshi.adapter - ERROR - Received error: {'code': 6, 'msg': 'Already subscribed'}
2025-08-14 17:33:35,078 - adapters.kalshi.adapter - ERROR - Received error: {'code': 6, 'msg': 'Already subscribed'}
2025-08-14 17:33:35,078 - adapters.kalshi.adapter - ERROR - Received error: {'code': 6, 'msg': 'Already subscribed'}
2025-08-14 17:33:35,078 - adapters.kalshi.adapter - ERROR - Received error: {'code': 6, 'msg': 'Already subscribed'}
2025-08-14 17:33:35,078 - adapters.kalshi.adapter - ERROR - Received error: {'code': 6, 'msg': 'Already subscribed'}
2025-08-14 17:33:35,078 - adapters.kalshi.adapter - ERROR - Received error: {'code': 6, 'msg': 'Already subscribed'}
2025-08-14 17:33:35,078 - adapters.kalshi.adapter - ERROR - Received error: {'code': 6, 'msg': 'Already subscribed'}
2025-08-14 17:33:35,078 - adapters.kalshi.adapter - ERROR - Received error: {'code': 6, 'msg': 'Already subscribed'}
2025-08-14 17:33:35,078 - adapters.kalshi.adapter - ERROR - Received error: {'code': 6, 'msg': 'Already subscribed'}
2025-08-14 17:33:35,079 - adapters.kalshi.adapter - ERROR - Received error: {'code': 6, 'msg': 'Already subscribed'}
2025-08-14 17:33:35,079 - adapters.kalshi.adapter - ERROR - Received error: {'code': 6, 'msg': 'Already subscribed'}
2025-08-14 17:33:35,079 - adapters.kalshi.adapter - ERROR - Received error: {'code': 6, 'msg': 'Already subscribed'}
2025-08-14 17:33:35,079 - adapters.kalshi.adapter - ERROR - Received error: {'code': 6, 'msg': 'Already subscribed'}
2025-08-14 17:33:35,079 - adapters.kalshi.adapter - ERROR - Received error: {'code': 6, 'msg': 'Already subscribed'}
2025-08-14 17:33:35,083 - adapters.kalshi.adapter - ERROR - Received error: {'code': 6, 'msg': 'Already subscribed'}
2025-08-14 17:33:35,083 - adapters.kalshi.adapter - ERROR - Received error: {'code': 6, 'msg': 'Already subscribed'}
2025-08-14 17:33:35,083 - adapters.kalshi.adapter - ERROR - Received error: {'code': 6, 'msg': 'Already subscribed'}
2025-08-14 17:33:35,083 - adapters.kalshi.adapter - ERROR - Received error: {'code': 6, 'msg': 'Already subscribed'}
2025-08-14 17:33:35,083 - adapters.kalshi.adapter - ERROR - Received error: {'code': 6, 'msg': 'Already subscribed'}
2025-08-14 17:33:35,083 - adapters.kalshi.adapter - ERROR - Received error: {'code': 6, 'msg': 'Already subscribed'}
2025-08-14 17:33:35,084 - adapters.kalshi.adapter - ERROR - Received error: {'code': 6, 'msg': 'Already subscribed'}
2025-08-14 17:33:35,084 - adapters.kalshi.adapter - ERROR - Received error: {'code': 6, 'msg': 'Already subscribed'}
2025-08-14 17:33:35,084 - adapters.kalshi.adapter - ERROR - Received error: {'code': 6, 'msg': 'Already subscribed'}
2025-08-14 17:33:35,084 - adapters.kalshi.adapter - ERROR - Received error: {'code': 6, 'msg': 'Already subscribed'}
2025-08-14 17:33:35,084 - adapters.kalshi.adapter - ERROR - Received error: {'code': 6, 'msg': 'Already subscribed'}
2025-08-14 17:33:35,084 - adapters.kalshi.adapter - ERROR - Received error: {'code': 6, 'msg': 'Already subscribed'}
2025-08-14 17:33:35,084 - adapters.kalshi.adapter - ERROR - Received error: {'code': 6, 'msg': 'Already subscribed'}
2025-08-14 17:33:35,084 - adapters.kalshi.adapter - ERROR - Received error: {'code': 6, 'msg': 'Already subscribed'}
2025-08-14 17:33:35,085 - adapters.kalshi.adapter - ERROR - Received error: {'code': 6, 'msg': 'Already subscribed'}
2025-08-14 17:33:35,085 - adapters.kalshi.adapter - ERROR - Received error: {'code': 6, 'msg': 'Already subscribed'}
2025-08-14 17:33:35,085 - adapters.kalshi.adapter - ERROR - Received error: {'code': 6, 'msg': 'Already subscribed'}
2025-08-14 17:33:35,085 - adapters.kalshi.adapter - ERROR - Received error: {'code': 6, 'msg': 'Already subscribed'}
2025-08-14 17:33:35,085 - adapters.kalshi.adapter - ERROR - Received error: {'code': 6, 'msg': 'Already subscribed'}
2025-08-14 17:33:35,085 - adapters.kalshi.adapter - ERROR - Received error: {'code': 6, 'msg': 'Already subscribed'}
2025-08-14 17:33:35,085 - adapters.kalshi.adapter - ERROR - Received error: {'code': 6, 'msg': 'Already subscribed'}
2025-08-14 17:33:35,085 - adapters.kalshi.adapter - ERROR - Received error: {'code': 6, 'msg': 'Already subscribed'}
2025-08-14 17:33:35,086 - adapters.kalshi.adapter - ERROR - Received error: {'code': 6, 'msg': 'Already subscribed'}
2025-08-14 17:33:35,086 - adapters.kalshi.adapter - ERROR - Received error: {'code': 6, 'msg': 'Already subscribed'}
2025-08-14 17:33:35,086 - adapters.kalshi.adapter - ERROR - Received error: {'code': 6, 'msg': 'Already subscribed'}
2025-08-14 17:33:35,086 - adapters.kalshi.adapter - ERROR - Received error: {'code': 6, 'msg': 'Already subscribed'}
2025-08-14 17:33:35,086 - adapters.kalshi.adapter - ERROR - Received error: {'code': 6, 'msg': 'Already subscribed'}
2025-08-14 17:33:35,086 - adapters.kalshi.adapter - ERROR - Received error: {'code': 6, 'msg': 'Already subscribed'}
2025-08-14 17:33:35,086 - adapters.kalshi.adapter - ERROR - Received error: {'code': 6, 'msg': 'Already subscribed'}
2025-08-14 17:33:35,086 - adapters.kalshi.adapter - ERROR - Received error: {'code': 6, 'msg': 'Already subscribed'}
2025-08-14 17:33:35,087 - adapters.kalshi.adapter - ERROR - Received error: {'code': 6, 'msg': 'Already subscribed'}
2025-08-14 17:33:35,087 - adapters.kalshi.adapter - ERROR - Received error: {'code': 6, 'msg': 'Already subscribed'}
2025-08-14 17:33:35,087 - adapters.kalshi.adapter - ERROR - Received error: {'code': 6, 'msg': 'Already subscribed'}
2025-08-14 17:33:35,087 - adapters.kalshi.adapter - ERROR - Received error: {'code': 6, 'msg': 'Already subscribed'}
2025-08-14 17:33:35,087 - adapters.kalshi.adapter - ERROR - Received error: {'code': 6, 'msg': 'Already subscribed'}
2025-08-14 17:33:35,087 - adapters.kalshi.adapter - ERROR - Received error: {'code': 6, 'msg': 'Already subscribed'}
2025-08-14 17:33:35,087 - adapters.kalshi.adapter - ERROR - Received error: {'code': 6, 'msg': 'Already subscribed'}
2025-08-14 17:33:35,087 - adapters.kalshi.adapter - ERROR - Received error: {'code': 6, 'msg': 'Already subscribed'}
2025-08-14 17:33:35,088 - adapters.kalshi.adapter - ERROR - Received error: {'code': 6, 'msg': 'Already subscribed'}
2025-08-14 17:33:35,088 - adapters.kalshi.adapter - ERROR - Received error: {'code': 6, 'msg': 'Already subscribed'}
2025-08-14 17:33:35,088 - adapters.kalshi.adapter - ERROR - Received error: {'code': 6, 'msg': 'Already subscribed'}
2025-08-14 17:33:35,088 - adapters.kalshi.adapter - ERROR - Received error: {'code': 6, 'msg': 'Already subscribed'}
2025-08-14 17:33:35,088 - adapters.kalshi.adapter - ERROR - Received error: {'code': 6, 'msg': 'Already subscribed'}
2025-08-14 17:33:35,088 - adapters.kalshi.adapter - ERROR - Received error: {'code': 6, 'msg': 'Already subscribed'}
2025-08-14 17:33:35,088 - adapters.kalshi.adapter - ERROR - Received error: {'code': 6, 'msg': 'Already subscribed'}
2025-08-14 17:33:35,089 - adapters.kalshi.adapter - ERROR - Received error: {'code': 6, 'msg': 'Already subscribed'}
2025-08-14 17:33:35,089 - adapters.kalshi.adapter - ERROR - Received error: {'code': 6, 'msg': 'Already subscribed'}
2025-08-14 17:33:35,089 - adapters.kalshi.adapter - ERROR - Received error: {'code': 6, 'msg': 'Already subscribed'}
2025-08-14 17:33:35,089 - adapters.kalshi.adapter - ERROR - Received error: {'code': 6, 'msg': 'Already subscribed'}
2025-08-14 17:33:35,089 - adapters.kalshi.adapter - ERROR - Received error: {'code': 6, 'msg': 'Already subscribed'}
2025-08-14 17:33:35,089 - adapters.kalshi.adapter - ERROR - Received error: {'code': 6, 'msg': 'Already subscribed'}
2025-08-14 17:33:35,089 - adapters.kalshi.adapter - ERROR - Received error: {'code': 6, 'msg': 'Already subscribed'}
2025-08-14 17:33:35,089 - adapters.kalshi.adapter - ERROR - Received error: {'code': 6, 'msg': 'Already subscribed'}
2025-08-14 17:35:42,948 - __main__ - INFO - Received shutdown signal
2025-08-14 17:35:43,079 - __main__ - INFO - Shutting down Kalshi Terminal
2025-08-14 17:35:43,080 - __main__ - INFO - Stopping kalshi adapter
2025-08-14 17:35:43,080 - adapters.kalshi.adapter - INFO - Stopping Kalshi adapter
2025-08-14 17:35:43,080 - adapters.kalshi.adapter - INFO - Stopping Kalshi adapter
2025-08-14 17:35:43,124 - core.recorder.parquet_recorder - INFO - Parquet recorder closed
2025-08-14 17:35:43,125 - __main__ - INFO - Shutdown complete
2025-08-14 17:35:43,125 - __main__ - INFO - Shutting down Kalshi Terminal
2025-08-14 17:35:43,125 - __main__ - INFO - Stopping kalshi adapter
2025-08-14 17:35:43,125 - adapters.kalshi.adapter - INFO - Stopping Kalshi adapter
2025-08-14 17:35:43,125 - core.recorder.parquet_recorder - INFO - Parquet recorder closed
2025-08-14 17:35:43,125 - __main__ - INFO - Shutdown complete
