2025-08-14 18:03:31,585 - __main__ - INFO - ==================================================
2025-08-14 18:03:31,585 - __main__ - INFO - Kalshi Terminal Starting
2025-08-14 18:03:31,585 - __main__ - INFO - ==================================================
2025-08-14 18:03:31,585 - __main__ - INFO - Starting Kalshi Terminal Orchestrator
2025-08-14 18:03:31,585 - __main__ - INFO - Initializing infrastructure
2025-08-14 18:03:31,587 - core.state.redis_store - INFO - Connected to Redis
2025-08-14 18:03:31,587 - __main__ - INFO - Infrastructure initialized
2025-08-14 18:03:31,587 - __main__ - INFO - Starting venue adapters
2025-08-14 18:03:31,587 - __main__ - INFO - Starting Kalshi adapter
2025-08-14 18:03:31,617 - __main__ - INFO - Kalshi adapter started
2025-08-14 18:03:31,617 - __main__ - INFO - Started 1 adapters
2025-08-14 18:03:31,617 - adapters.kalshi.adapter - INFO - Starting Kalshi adapter
2025-08-14 18:03:31,617 - adapters.kalshi.adapter - INFO - Discovering target markets
2025-08-14 18:03:32,082 - adapters.kalshi.adapter - INFO - Discovered 2 total open markets
2025-08-14 18:03:32,082 - adapters.kalshi.adapter - ERROR - Error discovering markets: slice(None, 50, None)
2025-08-14 18:03:32,082 - adapters.kalshi.adapter - ERROR - Error in Kalshi adapter: slice(None, 50, None)
2025-08-14 18:03:32,082 - adapters.kalshi.adapter - INFO - Stopping Kalshi adapter
2025-08-14 18:03:32,082 - __main__ - ERROR - Task failed: slice(None, 50, None)
2025-08-14 18:03:32,082 - __main__ - INFO - Shutting down Kalshi Terminal
2025-08-14 18:03:32,082 - __main__ - INFO - Stopping kalshi adapter
2025-08-14 18:03:32,082 - adapters.kalshi.adapter - INFO - Stopping Kalshi adapter
2025-08-14 18:03:32,082 - core.recorder.parquet_recorder - INFO - Parquet recorder closed
2025-08-14 18:03:32,082 - __main__ - INFO - Shutdown complete
2025-08-14 18:03:32,082 - __main__ - INFO - Shutting down Kalshi Terminal
2025-08-14 18:03:32,082 - __main__ - INFO - Stopping kalshi adapter
2025-08-14 18:03:32,082 - adapters.kalshi.adapter - INFO - Stopping Kalshi adapter
2025-08-14 18:03:32,082 - core.recorder.parquet_recorder - INFO - Parquet recorder closed
2025-08-14 18:03:32,082 - __main__ - INFO - Shutdown complete
