2025-08-14 13:28:03,855 - __main__ - INFO - ==================================================
2025-08-14 13:28:03,856 - __main__ - INFO - Kalshi Terminal Starting
2025-08-14 13:28:03,856 - __main__ - INFO - ==================================================
2025-08-14 13:28:03,856 - __main__ - INFO - Starting Kalshi Terminal Orchestrator
2025-08-14 13:28:03,856 - __main__ - INFO - Initializing infrastructure
2025-08-14 13:28:03,858 - core.state.redis_store - INFO - Connected to Redis
2025-08-14 13:28:03,858 - __main__ - INFO - Infrastructure initialized
2025-08-14 13:28:03,858 - __main__ - INFO - Starting venue adapters
2025-08-14 13:28:03,858 - __main__ - INFO - Starting Kalshi adapter
2025-08-14 13:28:03,886 - __main__ - INFO - Kalshi adapter started
2025-08-14 13:28:03,886 - __main__ - INFO - Started 1 adapters
2025-08-14 13:28:03,886 - adapters.kalshi.adapter - INFO - Starting Kalshi adapter
2025-08-14 13:28:03,887 - adapters.kalshi.adapter - INFO - Discovering target markets
2025-08-14 13:28:04,389 - adapters.kalshi.adapter - INFO - Auto-discovered 5 markets: ['KXNOBELPEACE-25-EMM', 'KXTRUMPMENTION-25AUG15-WOKE', 'KXTRUMPMENTION-25AUG15-TX', 'KXTRUMPMENTION-25AUG15-TAX', 'KXTRUMPMENTION-25AUG15-PUT']
2025-08-14 13:28:04,389 - core.state.redis_store - ERROR - Error publishing to events: Object of type NormalizedMarket is not JSON serializable
2025-08-14 13:28:04,389 - core.state.redis_store - ERROR - Error publishing to events:kalshi: Object of type NormalizedMarket is not JSON serializable
2025-08-14 13:28:04,390 - adapters.kalshi.adapter - ERROR - Error publishing event: Object of type NormalizedMarket is not JSON serializable
2025-08-14 13:28:04,390 - core.state.redis_store - ERROR - Error publishing to events: Object of type NormalizedMarket is not JSON serializable
2025-08-14 13:28:04,390 - core.state.redis_store - ERROR - Error publishing to events:kalshi: Object of type NormalizedMarket is not JSON serializable
2025-08-14 13:28:04,390 - adapters.kalshi.adapter - ERROR - Error publishing event: Object of type NormalizedMarket is not JSON serializable
2025-08-14 13:28:04,390 - core.state.redis_store - ERROR - Error publishing to events: Object of type NormalizedMarket is not JSON serializable
2025-08-14 13:28:04,390 - core.state.redis_store - ERROR - Error publishing to events:kalshi: Object of type NormalizedMarket is not JSON serializable
2025-08-14 13:28:04,390 - adapters.kalshi.adapter - ERROR - Error publishing event: Object of type NormalizedMarket is not JSON serializable
2025-08-14 13:28:04,390 - core.state.redis_store - ERROR - Error publishing to events: Object of type NormalizedMarket is not JSON serializable
2025-08-14 13:28:04,390 - core.state.redis_store - ERROR - Error publishing to events:kalshi: Object of type NormalizedMarket is not JSON serializable
2025-08-14 13:28:04,390 - adapters.kalshi.adapter - ERROR - Error publishing event: Object of type NormalizedMarket is not JSON serializable
2025-08-14 13:28:04,390 - core.state.redis_store - ERROR - Error publishing to events: Object of type NormalizedMarket is not JSON serializable
2025-08-14 13:28:04,390 - core.state.redis_store - ERROR - Error publishing to events:kalshi: Object of type NormalizedMarket is not JSON serializable
2025-08-14 13:28:04,390 - adapters.kalshi.adapter - ERROR - Error publishing event: Object of type NormalizedMarket is not JSON serializable
2025-08-14 13:28:04,390 - adapters.kalshi.adapter - INFO - Discovered 5 target markets
2025-08-14 13:28:04,390 - adapters.kalshi.adapter - INFO - Book state: DISCONNECTED -> CONNECTING
2025-08-14 13:28:04,391 - adapters.kalshi.client - INFO - Connecting to Kalshi WebSocket: wss://api.elections.kalshi.com/trade-api/ws/v2
2025-08-14 13:28:04,617 - adapters.kalshi.client - ERROR - Failed to connect to Kalshi WebSocket: server rejected WebSocket connection: HTTP 401
2025-08-14 13:28:04,617 - adapters.kalshi.adapter - ERROR - Kalshi WebSocket error: server rejected WebSocket connection: HTTP 401
2025-08-14 13:28:04,617 - adapters.kalshi.client - INFO - Reconnecting in 1.0s (attempt 1)
2025-08-14 13:28:05,619 - adapters.kalshi.client - INFO - Connecting to Kalshi WebSocket: wss://api.elections.kalshi.com/trade-api/ws/v2
2025-08-14 13:28:05,787 - adapters.kalshi.client - INFO - Kalshi WebSocket connected successfully
2025-08-14 13:28:05,787 - adapters.kalshi.adapter - INFO - Kalshi WebSocket connected
2025-08-14 13:28:05,788 - adapters.kalshi.adapter - INFO - Book state: CONNECTING -> WAIT_SNAPSHOT
2025-08-14 13:28:05,788 - adapters.kalshi.client - INFO - Subscribing to ['orderbook_delta'] for market: KXNOBELPEACE-25-EMM
2025-08-14 13:28:05,889 - adapters.kalshi.client - INFO - Subscribing to ['orderbook_delta'] for market: KXTRUMPMENTION-25AUG15-WOKE
2025-08-14 13:28:05,989 - adapters.kalshi.client - INFO - Subscribing to ['orderbook_delta'] for market: KXTRUMPMENTION-25AUG15-TX
2025-08-14 13:28:06,091 - adapters.kalshi.client - INFO - Subscribing to ['orderbook_delta'] for market: KXTRUMPMENTION-25AUG15-TAX
2025-08-14 13:28:06,192 - adapters.kalshi.client - INFO - Subscribing to ['orderbook_delta'] for market: KXTRUMPMENTION-25AUG15-PUT
2025-08-14 13:28:06,293 - adapters.kalshi.adapter - INFO - Subscribed to orderbooks for 5 markets
2025-08-14 13:28:06,293 - adapters.kalshi.client - INFO - Resubscribing to all markets after reconnection
2025-08-14 13:28:06,293 - adapters.kalshi.client - INFO - Subscribing to ['orderbook_delta'] for market: KXNOBELPEACE-25-EMM
2025-08-14 13:28:06,494 - adapters.kalshi.client - INFO - Subscribing to ['orderbook_delta'] for market: KXTRUMPMENTION-25AUG15-WOKE
2025-08-14 13:28:06,695 - adapters.kalshi.client - INFO - Subscribing to ['orderbook_delta'] for market: KXTRUMPMENTION-25AUG15-TX
2025-08-14 13:28:06,896 - adapters.kalshi.client - INFO - Subscribing to ['orderbook_delta'] for market: KXTRUMPMENTION-25AUG15-TAX
2025-08-14 13:28:07,099 - adapters.kalshi.client - INFO - Subscribing to ['orderbook_delta'] for market: KXTRUMPMENTION-25AUG15-PUT
2025-08-14 13:28:07,300 - adapters.kalshi.adapter - INFO - Subscription confirmed: {}
2025-08-14 13:28:07,300 - adapters.kalshi.adapter - INFO - Fetching initial orderbook snapshots
2025-08-14 13:28:07,349 - adapters.kalshi.adapter - ERROR - Error fetching orderbook for KXNOBELPEACE-25-EMM: 'NoneType' object is not iterable
2025-08-14 13:28:07,388 - core.state.redis_store - ERROR - Error publishing to events: Object of type NormalizedBook is not JSON serializable
2025-08-14 13:28:07,389 - core.state.redis_store - ERROR - Error publishing to events:kalshi: Object of type NormalizedBook is not JSON serializable
2025-08-14 13:28:07,389 - adapters.kalshi.adapter - ERROR - Error publishing event: Object of type NormalizedBook is not JSON serializable
2025-08-14 13:28:07,532 - core.state.redis_store - ERROR - Error publishing to events: Object of type NormalizedBook is not JSON serializable
2025-08-14 13:28:07,532 - core.state.redis_store - ERROR - Error publishing to events:kalshi: Object of type NormalizedBook is not JSON serializable
2025-08-14 13:28:07,532 - adapters.kalshi.adapter - ERROR - Error publishing event: Object of type NormalizedBook is not JSON serializable
2025-08-14 13:28:07,672 - core.state.redis_store - ERROR - Error publishing to events: Object of type NormalizedBook is not JSON serializable
2025-08-14 13:28:07,672 - core.state.redis_store - ERROR - Error publishing to events:kalshi: Object of type NormalizedBook is not JSON serializable
2025-08-14 13:28:07,672 - adapters.kalshi.adapter - ERROR - Error publishing event: Object of type NormalizedBook is not JSON serializable
2025-08-14 13:28:07,823 - core.state.redis_store - ERROR - Error publishing to events: Object of type NormalizedBook is not JSON serializable
2025-08-14 13:28:07,823 - core.state.redis_store - ERROR - Error publishing to events:kalshi: Object of type NormalizedBook is not JSON serializable
2025-08-14 13:28:07,823 - adapters.kalshi.adapter - ERROR - Error publishing event: Object of type NormalizedBook is not JSON serializable
2025-08-14 13:28:07,941 - adapters.kalshi.adapter - ERROR - Error handling message: 'data', message: {'type': 'orderbook_snapshot', 'sid': 1, 'seq': 1, 'msg': {'market_ticker': 'KXNOBELPEACE-25-EMM', 'market_id': '805160dc-0eda-49c0-b390-c20592e3d57e', 'no': [[1, 2000], [88, 2000], [90, 2000], [92, 500]]}}
2025-08-14 13:28:07,941 - adapters.kalshi.adapter - ERROR - Received error: {}
2025-08-14 13:28:07,941 - adapters.kalshi.adapter - ERROR - Received error: {}
2025-08-14 13:28:07,941 - adapters.kalshi.adapter - ERROR - Received error: {}
2025-08-14 13:28:07,941 - adapters.kalshi.adapter - ERROR - Received error: {}
2025-08-14 13:28:07,942 - adapters.kalshi.adapter - ERROR - Received error: {}
2025-08-14 13:28:07,942 - adapters.kalshi.adapter - ERROR - Received error: {}
2025-08-14 13:28:07,942 - adapters.kalshi.adapter - ERROR - Received error: {}
2025-08-14 13:28:07,942 - adapters.kalshi.adapter - ERROR - Received error: {}
2025-08-14 13:28:07,942 - adapters.kalshi.adapter - ERROR - Received error: {}
