2025-08-13 17:09:23,835 - __main__ - INFO - ==================================================
2025-08-13 17:09:23,835 - __main__ - INFO - Kalshi Terminal Starting
2025-08-13 17:09:23,835 - __main__ - INFO - ==================================================
2025-08-13 17:09:23,835 - __main__ - INFO - Starting Kalshi Terminal Orchestrator
2025-08-13 17:09:23,835 - __main__ - INFO - Initializing infrastructure
2025-08-13 17:09:23,837 - core.state.redis_store - INFO - Connected to Redis
2025-08-13 17:09:23,837 - __main__ - INFO - Infrastructure initialized
2025-08-13 17:09:23,837 - __main__ - INFO - Starting venue adapters
2025-08-13 17:09:23,837 - __main__ - INFO - Starting Kalshi adapter
2025-08-13 17:09:23,866 - __main__ - INFO - Kalshi adapter started
2025-08-13 17:09:23,866 - __main__ - INFO - Started 1 adapters
2025-08-13 17:09:23,866 - adapters.kalshi.adapter - INFO - Starting Kalshi adapter
2025-08-13 17:09:23,866 - adapters.kalshi.adapter - INFO - Discovering target markets
2025-08-13 17:09:24,776 - adapters.kalshi.client - INFO - Fetched 100 markets, total: 100
2025-08-13 17:09:25,391 - adapters.kalshi.client - INFO - Fetched 100 markets, total: 200
2025-08-13 17:09:26,319 - adapters.kalshi.client - INFO - Fetched 100 markets, total: 300
2025-08-13 17:09:26,850 - adapters.kalshi.client - INFO - Fetched 100 markets, total: 400
2025-08-13 17:09:27,323 - adapters.kalshi.client - INFO - Fetched 100 markets, total: 500
2025-08-13 17:09:27,800 - adapters.kalshi.client - INFO - Fetched 100 markets, total: 600
2025-08-13 17:09:28,384 - adapters.kalshi.client - INFO - Fetched 100 markets, total: 700
2025-08-13 17:09:28,875 - adapters.kalshi.client - INFO - Fetched 100 markets, total: 800
2025-08-13 17:09:29,521 - adapters.kalshi.client - INFO - Fetched 100 markets, total: 900
2025-08-13 17:09:30,406 - adapters.kalshi.client - INFO - Fetched 100 markets, total: 1000
2025-08-13 17:09:30,940 - adapters.kalshi.client - INFO - Fetched 100 markets, total: 1100
2025-08-13 17:09:31,388 - adapters.kalshi.client - INFO - Fetched 100 markets, total: 1200
2025-08-13 17:09:31,923 - adapters.kalshi.client - INFO - Fetched 100 markets, total: 1300
2025-08-13 17:09:32,430 - adapters.kalshi.client - INFO - Fetched 100 markets, total: 1400
2025-08-13 17:09:32,929 - adapters.kalshi.client - INFO - Fetched 100 markets, total: 1500
2025-08-13 17:09:33,374 - adapters.kalshi.client - INFO - Fetched 100 markets, total: 1600
2025-08-13 17:09:33,930 - adapters.kalshi.client - INFO - Fetched 100 markets, total: 1700
2025-08-13 17:09:34,481 - adapters.kalshi.client - INFO - Fetched 100 markets, total: 1800
2025-08-13 17:09:34,983 - adapters.kalshi.client - INFO - Fetched 100 markets, total: 1900
2025-08-13 17:09:35,422 - adapters.kalshi.client - INFO - Fetched 100 markets, total: 2000
2025-08-13 17:09:36,165 - adapters.kalshi.client - INFO - Fetched 100 markets, total: 2100
2025-08-13 17:09:36,636 - adapters.kalshi.client - INFO - Fetched 100 markets, total: 2200
2025-08-13 17:09:37,036 - adapters.kalshi.client - INFO - Fetched 100 markets, total: 2300
2025-08-13 17:09:37,464 - adapters.kalshi.client - INFO - Fetched 100 markets, total: 2400
2025-08-13 17:09:37,922 - adapters.kalshi.client - INFO - Fetched 100 markets, total: 2500
2025-08-13 17:09:38,326 - adapters.kalshi.client - INFO - Fetched 100 markets, total: 2600
2025-08-13 17:09:38,782 - adapters.kalshi.client - INFO - Fetched 100 markets, total: 2700
2025-08-13 17:09:39,180 - adapters.kalshi.client - INFO - Fetched 100 markets, total: 2800
2025-08-13 17:09:39,630 - adapters.kalshi.client - INFO - Fetched 100 markets, total: 2900
2025-08-13 17:09:40,126 - adapters.kalshi.client - INFO - Fetched 100 markets, total: 3000
2025-08-13 17:09:40,926 - adapters.kalshi.client - INFO - Fetched 100 markets, total: 3100
2025-08-13 17:09:41,341 - adapters.kalshi.client - INFO - Fetched 100 markets, total: 3200
2025-08-13 17:09:41,769 - adapters.kalshi.client - INFO - Fetched 100 markets, total: 3300
2025-08-13 17:09:42,331 - adapters.kalshi.client - INFO - Fetched 100 markets, total: 3400
2025-08-13 17:09:43,140 - adapters.kalshi.client - INFO - Fetched 100 markets, total: 3500
2025-08-13 17:09:43,735 - adapters.kalshi.client - INFO - Fetched 100 markets, total: 3600
2025-08-13 17:09:44,164 - adapters.kalshi.client - INFO - Fetched 100 markets, total: 3700
2025-08-13 17:09:44,643 - adapters.kalshi.client - INFO - Fetched 100 markets, total: 3800
2025-08-13 17:09:45,162 - adapters.kalshi.client - INFO - Fetched 100 markets, total: 3900
2025-08-13 17:09:45,642 - adapters.kalshi.client - INFO - Fetched 100 markets, total: 4000
2025-08-13 17:09:46,173 - adapters.kalshi.client - INFO - Fetched 100 markets, total: 4100
2025-08-13 17:09:46,597 - adapters.kalshi.client - INFO - Fetched 100 markets, total: 4200
2025-08-13 17:09:47,128 - adapters.kalshi.client - INFO - Fetched 100 markets, total: 4300
2025-08-13 17:09:47,660 - adapters.kalshi.client - INFO - Fetched 100 markets, total: 4400
2025-08-13 17:09:48,335 - adapters.kalshi.client - INFO - Fetched 100 markets, total: 4500
2025-08-13 17:09:48,765 - adapters.kalshi.client - INFO - Fetched 100 markets, total: 4600
2025-08-13 17:09:49,242 - adapters.kalshi.client - INFO - Fetched 100 markets, total: 4700
2025-08-13 17:09:49,670 - adapters.kalshi.client - INFO - Fetched 100 markets, total: 4800
2025-08-13 17:09:50,078 - adapters.kalshi.client - INFO - Fetched 100 markets, total: 4900
2025-08-13 17:09:50,506 - adapters.kalshi.client - INFO - Fetched 100 markets, total: 5000
2025-08-13 17:09:50,915 - adapters.kalshi.client - INFO - Fetched 100 markets, total: 5100
2025-08-13 17:09:51,323 - adapters.kalshi.client - INFO - Fetched 100 markets, total: 5200
2025-08-13 17:09:51,738 - adapters.kalshi.client - INFO - Fetched 100 markets, total: 5300
2025-08-13 17:09:52,148 - adapters.kalshi.client - INFO - Fetched 100 markets, total: 5400
2025-08-13 17:09:52,347 - adapters.kalshi.client - INFO - Fetched 100 markets, total: 5500
2025-08-13 17:09:52,947 - adapters.kalshi.client - INFO - Fetched 100 markets, total: 5600
2025-08-13 17:09:53,365 - adapters.kalshi.client - INFO - Fetched 100 markets, total: 5700
2025-08-13 17:09:53,783 - adapters.kalshi.client - INFO - Fetched 100 markets, total: 5800
2025-08-13 17:09:54,402 - adapters.kalshi.client - INFO - Fetched 100 markets, total: 5900
2025-08-13 17:09:54,843 - adapters.kalshi.client - INFO - Fetched 100 markets, total: 6000
2025-08-13 17:09:55,366 - adapters.kalshi.client - INFO - Fetched 100 markets, total: 6100
2025-08-13 17:09:55,856 - adapters.kalshi.client - INFO - Fetched 100 markets, total: 6200
2025-08-13 17:09:56,342 - adapters.kalshi.client - INFO - Fetched 100 markets, total: 6300
2025-08-13 17:09:56,944 - adapters.kalshi.client - INFO - Fetched 100 markets, total: 6400
2025-08-13 17:09:57,365 - adapters.kalshi.client - INFO - Fetched 100 markets, total: 6500
2025-08-13 17:09:57,635 - adapters.kalshi.client - INFO - Fetched 100 markets, total: 6600
2025-08-13 17:09:58,032 - adapters.kalshi.client - INFO - Fetched 100 markets, total: 6700
2025-08-13 17:09:58,260 - adapters.kalshi.client - INFO - Fetched 100 markets, total: 6800
2025-08-13 17:09:58,837 - adapters.kalshi.client - INFO - Fetched 100 markets, total: 6900
2025-08-13 17:09:59,278 - adapters.kalshi.client - INFO - Fetched 100 markets, total: 7000
2025-08-13 17:09:59,850 - adapters.kalshi.client - INFO - Fetched 100 markets, total: 7100
2025-08-13 17:10:00,084 - adapters.kalshi.client - INFO - Fetched 100 markets, total: 7200
2025-08-13 17:10:00,294 - adapters.kalshi.client - INFO - Fetched 100 markets, total: 7300
2025-08-13 17:10:00,513 - adapters.kalshi.client - INFO - Fetched 100 markets, total: 7400
2025-08-13 17:10:00,724 - adapters.kalshi.client - INFO - Fetched 100 markets, total: 7500
2025-08-13 17:10:00,934 - adapters.kalshi.client - INFO - Fetched 100 markets, total: 7600
2025-08-13 17:10:01,447 - adapters.kalshi.client - INFO - Fetched 100 markets, total: 7700
2025-08-13 17:10:01,957 - adapters.kalshi.client - INFO - Fetched 100 markets, total: 7800
2025-08-13 17:10:02,458 - adapters.kalshi.client - INFO - Fetched 100 markets, total: 7900
2025-08-13 17:10:02,677 - adapters.kalshi.client - INFO - Fetched 100 markets, total: 8000
2025-08-13 17:10:03,186 - adapters.kalshi.client - INFO - Fetched 100 markets, total: 8100
2025-08-13 17:10:03,741 - adapters.kalshi.client - INFO - Fetched 100 markets, total: 8200
2025-08-13 17:10:04,328 - adapters.kalshi.client - INFO - Fetched 100 markets, total: 8300
2025-08-13 17:10:04,847 - adapters.kalshi.client - INFO - Fetched 100 markets, total: 8400
2025-08-13 17:10:05,057 - adapters.kalshi.client - INFO - Fetched 100 markets, total: 8500
2025-08-13 17:10:05,482 - adapters.kalshi.client - INFO - Fetched 100 markets, total: 8600
2025-08-13 17:10:05,949 - adapters.kalshi.client - INFO - Fetched 100 markets, total: 8700
2025-08-13 17:10:06,237 - adapters.kalshi.client - INFO - Fetched 100 markets, total: 8800
2025-08-13 17:10:06,653 - adapters.kalshi.client - INFO - Fetched 100 markets, total: 8900
2025-08-13 17:10:07,106 - adapters.kalshi.client - INFO - Fetched 100 markets, total: 9000
2025-08-13 17:10:07,646 - adapters.kalshi.client - INFO - Fetched 100 markets, total: 9100
2025-08-13 17:10:08,163 - adapters.kalshi.client - INFO - Fetched 100 markets, total: 9200
2025-08-13 17:10:08,815 - adapters.kalshi.client - INFO - Fetched 100 markets, total: 9300
2025-08-13 17:10:09,244 - adapters.kalshi.client - INFO - Fetched 100 markets, total: 9400
2025-08-13 17:10:09,767 - adapters.kalshi.client - INFO - Fetched 100 markets, total: 9500
2025-08-13 17:10:10,368 - adapters.kalshi.client - INFO - Fetched 100 markets, total: 9600
2025-08-13 17:10:10,896 - adapters.kalshi.client - INFO - Fetched 100 markets, total: 9700
2025-08-13 17:10:11,231 - adapters.kalshi.client - INFO - Fetched 100 markets, total: 9800
2025-08-13 17:10:11,921 - adapters.kalshi.client - INFO - Fetched 100 markets, total: 9900
2025-08-13 17:10:12,538 - adapters.kalshi.client - INFO - Fetched 100 markets, total: 10000
2025-08-13 17:10:13,045 - adapters.kalshi.client - INFO - Fetched 100 markets, total: 10100
2025-08-13 17:10:13,667 - adapters.kalshi.client - INFO - Fetched 100 markets, total: 10200
2025-08-13 17:10:14,104 - adapters.kalshi.client - INFO - Fetched 100 markets, total: 10300
2025-08-13 17:10:14,746 - adapters.kalshi.client - INFO - Fetched 100 markets, total: 10400
2025-08-13 17:10:15,183 - adapters.kalshi.client - INFO - Fetched 100 markets, total: 10500
2025-08-13 17:10:15,613 - adapters.kalshi.client - INFO - Fetched 100 markets, total: 10600
2025-08-13 17:10:16,041 - adapters.kalshi.client - INFO - Fetched 100 markets, total: 10700
2025-08-13 17:10:16,551 - adapters.kalshi.client - INFO - Fetched 100 markets, total: 10800
2025-08-13 17:10:17,058 - adapters.kalshi.client - INFO - Fetched 100 markets, total: 10900
2025-08-13 17:10:17,660 - adapters.kalshi.client - INFO - Fetched 100 markets, total: 11000
2025-08-13 17:10:18,079 - adapters.kalshi.client - INFO - Fetched 100 markets, total: 11100
2025-08-13 17:10:18,514 - adapters.kalshi.client - INFO - Fetched 100 markets, total: 11200
2025-08-13 17:10:18,957 - adapters.kalshi.client - INFO - Fetched 100 markets, total: 11300
2025-08-13 17:10:19,166 - adapters.kalshi.client - INFO - Fetched 100 markets, total: 11400
2025-08-13 17:10:19,657 - adapters.kalshi.client - INFO - Fetched 100 markets, total: 11500
2025-08-13 17:10:20,071 - adapters.kalshi.client - INFO - Fetched 100 markets, total: 11600
2025-08-13 17:10:20,357 - adapters.kalshi.client - INFO - Fetched 100 markets, total: 11700
2025-08-13 17:10:20,855 - adapters.kalshi.client - INFO - Fetched 100 markets, total: 11800
2025-08-13 17:10:21,341 - adapters.kalshi.client - INFO - Fetched 100 markets, total: 11900
2025-08-13 17:10:22,127 - adapters.kalshi.client - INFO - Fetched 100 markets, total: 12000
2025-08-13 17:10:22,829 - adapters.kalshi.client - INFO - Fetched 100 markets, total: 12100
2025-08-13 17:10:23,258 - adapters.kalshi.client - INFO - Fetched 100 markets, total: 12200
2025-08-13 17:10:23,681 - adapters.kalshi.client - INFO - Fetched 100 markets, total: 12300
2025-08-13 17:10:24,098 - adapters.kalshi.client - INFO - Fetched 100 markets, total: 12400
2025-08-13 17:10:24,517 - adapters.kalshi.client - INFO - Fetched 100 markets, total: 12500
2025-08-13 17:10:24,938 - adapters.kalshi.client - INFO - Fetched 100 markets, total: 12600
2025-08-13 17:10:25,153 - adapters.kalshi.client - INFO - Fetched 100 markets, total: 12700
2025-08-13 17:10:25,630 - adapters.kalshi.client - INFO - Fetched 100 markets, total: 12800
2025-08-13 17:10:26,015 - adapters.kalshi.client - INFO - Fetched 100 markets, total: 12900
2025-08-13 17:10:26,226 - adapters.kalshi.client - INFO - Fetched 100 markets, total: 13000
2025-08-13 17:10:26,657 - adapters.kalshi.client - INFO - Fetched 100 markets, total: 13100
2025-08-13 17:10:26,960 - adapters.kalshi.client - INFO - Fetched 100 markets, total: 13200
2025-08-13 17:10:27,566 - adapters.kalshi.client - INFO - Fetched 100 markets, total: 13300
2025-08-13 17:10:27,776 - adapters.kalshi.client - INFO - Fetched 100 markets, total: 13400
2025-08-13 17:10:27,988 - adapters.kalshi.client - INFO - Fetched 100 markets, total: 13500
2025-08-13 17:10:28,344 - adapters.kalshi.client - INFO - Fetched 100 markets, total: 13600
2025-08-13 17:10:28,860 - adapters.kalshi.client - INFO - Fetched 100 markets, total: 13700
2025-08-13 17:10:29,230 - adapters.kalshi.client - INFO - Fetched 100 markets, total: 13800
2025-08-13 17:10:29,742 - adapters.kalshi.client - INFO - Fetched 100 markets, total: 13900
2025-08-13 17:10:29,969 - adapters.kalshi.client - INFO - Fetched 100 markets, total: 14000
2025-08-13 17:10:30,181 - adapters.kalshi.client - INFO - Fetched 100 markets, total: 14100
2025-08-13 17:10:30,846 - adapters.kalshi.client - INFO - Fetched 100 markets, total: 14200
2025-08-13 17:10:31,273 - adapters.kalshi.client - INFO - Fetched 100 markets, total: 14300
2025-08-13 17:10:31,491 - adapters.kalshi.client - INFO - Fetched 100 markets, total: 14400
2025-08-13 17:10:31,707 - adapters.kalshi.client - INFO - Fetched 100 markets, total: 14500
2025-08-13 17:10:31,920 - adapters.kalshi.client - INFO - Fetched 100 markets, total: 14600
2025-08-13 17:10:32,238 - adapters.kalshi.client - INFO - Fetched 100 markets, total: 14700
2025-08-13 17:10:32,731 - adapters.kalshi.client - INFO - Fetched 100 markets, total: 14800
2025-08-13 17:10:32,940 - adapters.kalshi.client - INFO - Fetched 100 markets, total: 14900
2025-08-13 17:10:33,156 - adapters.kalshi.client - INFO - Fetched 100 markets, total: 15000
2025-08-13 17:10:33,569 - adapters.kalshi.client - INFO - Fetched 100 markets, total: 15100
2025-08-13 17:10:34,047 - adapters.kalshi.client - INFO - Fetched 100 markets, total: 15200
2025-08-13 17:10:34,341 - adapters.kalshi.client - INFO - Fetched 100 markets, total: 15300
2025-08-13 17:10:34,742 - adapters.kalshi.client - INFO - Fetched 100 markets, total: 15400
2025-08-13 17:10:34,952 - adapters.kalshi.client - INFO - Fetched 100 markets, total: 15500
2025-08-13 17:10:35,727 - adapters.kalshi.client - INFO - Fetched 100 markets, total: 15600
2025-08-13 17:10:36,126 - adapters.kalshi.client - INFO - Fetched 100 markets, total: 15700
2025-08-13 17:10:36,345 - adapters.kalshi.client - INFO - Fetched 100 markets, total: 15800
2025-08-13 17:10:36,749 - adapters.kalshi.client - INFO - Fetched 100 markets, total: 15900
2025-08-13 17:10:37,135 - adapters.kalshi.client - INFO - Fetched 100 markets, total: 16000
2025-08-13 17:10:37,345 - adapters.kalshi.client - INFO - Fetched 100 markets, total: 16100
2025-08-13 17:10:37,556 - adapters.kalshi.client - INFO - Fetched 100 markets, total: 16200
2025-08-13 17:10:37,772 - adapters.kalshi.client - INFO - Fetched 100 markets, total: 16300
2025-08-13 17:10:38,147 - adapters.kalshi.client - INFO - Fetched 100 markets, total: 16400
2025-08-13 17:10:38,357 - adapters.kalshi.client - INFO - Fetched 100 markets, total: 16500
2025-08-13 17:10:38,777 - adapters.kalshi.client - INFO - Fetched 100 markets, total: 16600
2025-08-13 17:10:38,987 - adapters.kalshi.client - INFO - Fetched 100 markets, total: 16700
2025-08-13 17:10:39,192 - adapters.kalshi.client - INFO - Fetched 100 markets, total: 16800
2025-08-13 17:10:39,397 - adapters.kalshi.client - INFO - Fetched 100 markets, total: 16900
2025-08-13 17:10:39,991 - adapters.kalshi.client - INFO - Fetched 100 markets, total: 17000
2025-08-13 17:10:40,441 - adapters.kalshi.client - INFO - Fetched 100 markets, total: 17100
2025-08-13 17:10:40,734 - adapters.kalshi.client - INFO - Fetched 100 markets, total: 17200
2025-08-13 17:10:40,947 - adapters.kalshi.client - INFO - Fetched 100 markets, total: 17300
2025-08-13 17:10:41,333 - adapters.kalshi.client - INFO - Fetched 100 markets, total: 17400
2025-08-13 17:10:41,542 - adapters.kalshi.client - INFO - Fetched 100 markets, total: 17500
2025-08-13 17:10:41,755 - adapters.kalshi.client - INFO - Fetched 100 markets, total: 17600
2025-08-13 17:10:42,243 - adapters.kalshi.client - INFO - Fetched 100 markets, total: 17700
2025-08-13 17:10:42,463 - adapters.kalshi.client - INFO - Fetched 100 markets, total: 17800
2025-08-13 17:10:42,672 - adapters.kalshi.client - INFO - Fetched 100 markets, total: 17900
2025-08-13 17:10:43,027 - adapters.kalshi.client - INFO - Fetched 100 markets, total: 18000
2025-08-13 17:10:43,236 - adapters.kalshi.client - INFO - Fetched 100 markets, total: 18100
2025-08-13 17:10:43,634 - adapters.kalshi.client - INFO - Fetched 100 markets, total: 18200
2025-08-13 17:10:43,855 - adapters.kalshi.client - INFO - Fetched 100 markets, total: 18300
2025-08-13 17:10:44,067 - adapters.kalshi.client - INFO - Fetched 100 markets, total: 18400
2025-08-13 17:10:44,521 - adapters.kalshi.client - INFO - Fetched 100 markets, total: 18500
2025-08-13 17:10:44,759 - adapters.kalshi.client - INFO - Fetched 100 markets, total: 18600
2025-08-13 17:10:45,243 - adapters.kalshi.client - INFO - Fetched 100 markets, total: 18700
2025-08-13 17:10:45,511 - adapters.kalshi.client - INFO - Fetched 100 markets, total: 18800
2025-08-13 17:10:45,716 - adapters.kalshi.client - INFO - Fetched 100 markets, total: 18900
2025-08-13 17:10:46,032 - adapters.kalshi.client - INFO - Fetched 100 markets, total: 19000
2025-08-13 17:10:46,247 - adapters.kalshi.client - INFO - Fetched 100 markets, total: 19100
2025-08-13 17:10:46,645 - adapters.kalshi.client - INFO - Fetched 100 markets, total: 19200
2025-08-13 17:10:47,250 - adapters.kalshi.client - INFO - Fetched 100 markets, total: 19300
2025-08-13 17:10:47,553 - adapters.kalshi.client - INFO - Fetched 100 markets, total: 19400
2025-08-13 17:10:47,955 - adapters.kalshi.client - INFO - Fetched 100 markets, total: 19500
2025-08-13 17:10:48,544 - adapters.kalshi.client - INFO - Fetched 100 markets, total: 19600
2025-08-13 17:10:48,758 - adapters.kalshi.client - INFO - Fetched 100 markets, total: 19700
2025-08-13 17:10:48,969 - adapters.kalshi.client - INFO - Fetched 100 markets, total: 19800
2025-08-13 17:10:49,341 - adapters.kalshi.client - INFO - Fetched 100 markets, total: 19900
2025-08-13 17:10:49,565 - adapters.kalshi.client - INFO - Fetched 100 markets, total: 20000
2025-08-13 17:10:49,836 - adapters.kalshi.client - INFO - Fetched 100 markets, total: 20100
2025-08-13 17:10:50,045 - adapters.kalshi.client - INFO - Fetched 100 markets, total: 20200
2025-08-13 17:10:50,263 - adapters.kalshi.client - INFO - Fetched 100 markets, total: 20300
2025-08-13 17:10:50,472 - adapters.kalshi.client - INFO - Fetched 100 markets, total: 20400
2025-08-13 17:10:50,687 - adapters.kalshi.client - INFO - Fetched 100 markets, total: 20500
2025-08-13 17:10:50,898 - adapters.kalshi.client - INFO - Fetched 100 markets, total: 20600
2025-08-13 17:10:51,147 - adapters.kalshi.client - INFO - Fetched 100 markets, total: 20700
2025-08-13 17:10:51,447 - adapters.kalshi.client - INFO - Fetched 100 markets, total: 20800
2025-08-13 17:10:51,661 - adapters.kalshi.client - INFO - Fetched 100 markets, total: 20900
2025-08-13 17:10:51,893 - adapters.kalshi.client - INFO - Fetched 100 markets, total: 21000
2025-08-13 17:10:52,108 - adapters.kalshi.client - INFO - Fetched 100 markets, total: 21100
2025-08-13 17:10:52,322 - adapters.kalshi.client - INFO - Fetched 100 markets, total: 21200
2025-08-13 17:10:52,535 - adapters.kalshi.client - INFO - Fetched 100 markets, total: 21300
2025-08-13 17:10:52,751 - adapters.kalshi.client - INFO - Fetched 100 markets, total: 21400
2025-08-13 17:10:53,048 - adapters.kalshi.client - INFO - Fetched 100 markets, total: 21500
2025-08-13 17:10:53,261 - adapters.kalshi.client - INFO - Fetched 100 markets, total: 21600
2025-08-13 17:10:53,530 - adapters.kalshi.client - INFO - Fetched 100 markets, total: 21700
2025-08-13 17:10:53,743 - adapters.kalshi.client - INFO - Fetched 100 markets, total: 21800
2025-08-13 17:10:54,151 - adapters.kalshi.client - INFO - Fetched 100 markets, total: 21900
2025-08-13 17:10:54,551 - adapters.kalshi.client - INFO - Fetched 100 markets, total: 22000
2025-08-13 17:10:54,765 - adapters.kalshi.client - INFO - Fetched 100 markets, total: 22100
2025-08-13 17:10:54,972 - adapters.kalshi.client - INFO - Fetched 100 markets, total: 22200
2025-08-13 17:10:55,530 - adapters.kalshi.client - INFO - Fetched 100 markets, total: 22300
2025-08-13 17:10:55,758 - adapters.kalshi.client - INFO - Fetched 100 markets, total: 22400
2025-08-13 17:10:56,153 - adapters.kalshi.client - INFO - Fetched 100 markets, total: 22500
2025-08-13 17:10:56,547 - adapters.kalshi.client - INFO - Fetched 100 markets, total: 22600
2025-08-13 17:10:56,945 - adapters.kalshi.client - INFO - Fetched 100 markets, total: 22700
2025-08-13 17:10:57,152 - adapters.kalshi.client - INFO - Fetched 100 markets, total: 22800
2025-08-13 17:10:57,394 - adapters.kalshi.client - INFO - Fetched 100 markets, total: 22900
2025-08-13 17:10:57,653 - adapters.kalshi.client - INFO - Fetched 100 markets, total: 23000
2025-08-13 17:10:57,855 - adapters.kalshi.client - INFO - Fetched 100 markets, total: 23100
2025-08-13 17:10:58,064 - adapters.kalshi.client - INFO - Fetched 100 markets, total: 23200
2025-08-13 17:10:58,277 - adapters.kalshi.client - INFO - Fetched 100 markets, total: 23300
2025-08-13 17:10:58,484 - adapters.kalshi.client - INFO - Fetched 100 markets, total: 23400
2025-08-13 17:10:58,698 - adapters.kalshi.client - INFO - Fetched 100 markets, total: 23500
2025-08-13 17:10:58,904 - adapters.kalshi.client - INFO - Fetched 100 markets, total: 23600
2025-08-13 17:10:59,123 - adapters.kalshi.client - INFO - Fetched 100 markets, total: 23700
2025-08-13 17:10:59,540 - adapters.kalshi.client - INFO - Fetched 100 markets, total: 23800
2025-08-13 17:10:59,754 - adapters.kalshi.client - INFO - Fetched 100 markets, total: 23900
2025-08-13 17:11:00,293 - adapters.kalshi.client - INFO - Fetched 100 markets, total: 24000
2025-08-13 17:11:00,506 - adapters.kalshi.client - INFO - Fetched 100 markets, total: 24100
2025-08-13 17:11:00,919 - adapters.kalshi.client - INFO - Fetched 100 markets, total: 24200
2025-08-13 17:11:01,145 - adapters.kalshi.client - INFO - Fetched 100 markets, total: 24300
2025-08-13 17:11:01,431 - adapters.kalshi.client - INFO - Fetched 100 markets, total: 24400
2025-08-13 17:11:01,646 - adapters.kalshi.client - INFO - Fetched 100 markets, total: 24500
2025-08-13 17:11:01,930 - adapters.kalshi.client - INFO - Fetched 100 markets, total: 24600
2025-08-13 17:11:02,148 - adapters.kalshi.client - INFO - Fetched 100 markets, total: 24700
2025-08-13 17:11:02,574 - adapters.kalshi.client - INFO - Fetched 100 markets, total: 24800
2025-08-13 17:11:02,995 - adapters.kalshi.client - INFO - Fetched 100 markets, total: 24900
2025-08-13 17:11:03,403 - adapters.kalshi.client - INFO - Fetched 100 markets, total: 25000
2025-08-13 17:11:03,648 - adapters.kalshi.client - INFO - Fetched 100 markets, total: 25100
2025-08-13 17:11:03,866 - adapters.kalshi.client - INFO - Fetched 100 markets, total: 25200
2025-08-13 17:11:04,144 - adapters.kalshi.client - INFO - Fetched 100 markets, total: 25300
2025-08-13 17:11:04,432 - adapters.kalshi.client - INFO - Fetched 100 markets, total: 25400
2025-08-13 17:11:04,646 - adapters.kalshi.client - INFO - Fetched 100 markets, total: 25500
2025-08-13 17:11:04,953 - adapters.kalshi.client - INFO - Fetched 100 markets, total: 25600
2025-08-13 17:11:05,158 - adapters.kalshi.client - INFO - Fetched 100 markets, total: 25700
2025-08-13 17:11:05,642 - adapters.kalshi.client - INFO - Fetched 100 markets, total: 25800
2025-08-13 17:11:06,048 - adapters.kalshi.client - INFO - Fetched 100 markets, total: 25900
2025-08-13 17:11:06,429 - adapters.kalshi.client - INFO - Fetched 100 markets, total: 26000
2025-08-13 17:11:06,686 - adapters.kalshi.client - INFO - Fetched 100 markets, total: 26100
2025-08-13 17:11:06,998 - adapters.kalshi.client - INFO - Fetched 100 markets, total: 26200
2025-08-13 17:11:07,258 - adapters.kalshi.client - INFO - Fetched 100 markets, total: 26300
2025-08-13 17:11:07,466 - adapters.kalshi.client - INFO - Fetched 100 markets, total: 26400
2025-08-13 17:11:07,865 - adapters.kalshi.client - INFO - Fetched 100 markets, total: 26500
2025-08-13 17:11:08,423 - adapters.kalshi.client - INFO - Fetched 100 markets, total: 26600
2025-08-13 17:11:08,950 - adapters.kalshi.client - INFO - Fetched 100 markets, total: 26700
2025-08-13 17:11:09,162 - adapters.kalshi.client - INFO - Fetched 100 markets, total: 26800
2025-08-13 17:11:09,747 - adapters.kalshi.client - INFO - Fetched 100 markets, total: 26900
2025-08-13 17:11:09,961 - adapters.kalshi.client - INFO - Fetched 100 markets, total: 27000
2025-08-13 17:11:10,233 - adapters.kalshi.client - INFO - Fetched 100 markets, total: 27100
2025-08-13 17:11:10,443 - adapters.kalshi.client - INFO - Fetched 100 markets, total: 27200
2025-08-13 17:11:10,805 - adapters.kalshi.client - INFO - Fetched 100 markets, total: 27300
2025-08-13 17:11:11,011 - adapters.kalshi.client - INFO - Fetched 100 markets, total: 27400
2025-08-13 17:11:11,411 - adapters.kalshi.client - INFO - Fetched 100 markets, total: 27500
2025-08-13 17:11:11,621 - adapters.kalshi.client - INFO - Fetched 100 markets, total: 27600
2025-08-13 17:11:12,038 - adapters.kalshi.client - INFO - Fetched 100 markets, total: 27700
2025-08-13 17:11:12,450 - adapters.kalshi.client - INFO - Fetched 100 markets, total: 27800
2025-08-13 17:11:12,727 - adapters.kalshi.client - INFO - Fetched 100 markets, total: 27900
2025-08-13 17:11:12,935 - adapters.kalshi.client - INFO - Fetched 100 markets, total: 28000
2025-08-13 17:11:13,209 - adapters.kalshi.client - INFO - Fetched 100 markets, total: 28100
2025-08-13 17:11:13,414 - adapters.kalshi.client - INFO - Fetched 100 markets, total: 28200
2025-08-13 17:11:13,732 - adapters.kalshi.client - INFO - Fetched 100 markets, total: 28300
2025-08-13 17:11:13,941 - adapters.kalshi.client - INFO - Fetched 100 markets, total: 28400
2025-08-13 17:11:14,234 - adapters.kalshi.client - INFO - Fetched 100 markets, total: 28500
2025-08-13 17:11:14,445 - adapters.kalshi.client - INFO - Fetched 100 markets, total: 28600
2025-08-13 17:11:15,040 - adapters.kalshi.client - INFO - Fetched 100 markets, total: 28700
2025-08-13 17:11:15,247 - adapters.kalshi.client - INFO - Fetched 100 markets, total: 28800
2025-08-13 17:11:15,464 - adapters.kalshi.client - INFO - Fetched 100 markets, total: 28900
2025-08-13 17:11:15,925 - adapters.kalshi.client - INFO - Fetched 100 markets, total: 29000
2025-08-13 17:11:16,135 - adapters.kalshi.client - INFO - Fetched 100 markets, total: 29100
2025-08-13 17:11:16,433 - adapters.kalshi.client - INFO - Fetched 100 markets, total: 29200
2025-08-13 17:11:16,739 - adapters.kalshi.client - INFO - Fetched 100 markets, total: 29300
2025-08-13 17:11:16,949 - adapters.kalshi.client - INFO - Fetched 100 markets, total: 29400
2025-08-13 17:11:17,159 - adapters.kalshi.client - INFO - Fetched 100 markets, total: 29500
2025-08-13 17:11:17,434 - adapters.kalshi.client - INFO - Fetched 100 markets, total: 29600
2025-08-13 17:11:17,947 - adapters.kalshi.client - INFO - Fetched 100 markets, total: 29700
2025-08-13 17:11:18,327 - adapters.kalshi.client - INFO - Fetched 100 markets, total: 29800
2025-08-13 17:11:18,645 - adapters.kalshi.client - INFO - Fetched 100 markets, total: 29900
2025-08-13 17:11:19,049 - adapters.kalshi.client - INFO - Fetched 100 markets, total: 30000
2025-08-13 17:11:19,436 - adapters.kalshi.client - INFO - Fetched 100 markets, total: 30100
2025-08-13 17:11:19,743 - adapters.kalshi.client - INFO - Fetched 100 markets, total: 30200
2025-08-13 17:11:20,246 - adapters.kalshi.client - INFO - Fetched 100 markets, total: 30300
2025-08-13 17:11:20,457 - adapters.kalshi.client - INFO - Fetched 100 markets, total: 30400
2025-08-13 17:11:20,852 - adapters.kalshi.client - INFO - Fetched 100 markets, total: 30500
2025-08-13 17:11:21,226 - adapters.kalshi.client - INFO - Fetched 100 markets, total: 30600
2025-08-13 17:11:21,435 - adapters.kalshi.client - INFO - Fetched 100 markets, total: 30700
2025-08-13 17:11:21,641 - adapters.kalshi.client - INFO - Fetched 100 markets, total: 30800
2025-08-13 17:11:21,855 - adapters.kalshi.client - INFO - Fetched 100 markets, total: 30900
2025-08-13 17:11:22,246 - adapters.kalshi.client - INFO - Fetched 100 markets, total: 31000
2025-08-13 17:11:22,835 - adapters.kalshi.client - INFO - Fetched 100 markets, total: 31100
2025-08-13 17:11:23,071 - adapters.kalshi.client - INFO - Fetched 100 markets, total: 31200
2025-08-13 17:11:23,306 - adapters.kalshi.client - INFO - Fetched 100 markets, total: 31300
2025-08-13 17:11:23,705 - adapters.kalshi.client - INFO - Fetched 100 markets, total: 31400
2025-08-13 17:11:24,033 - adapters.kalshi.client - INFO - Fetched 100 markets, total: 31500
2025-08-13 17:11:24,430 - adapters.kalshi.client - INFO - Fetched 100 markets, total: 31600
2025-08-13 17:11:24,730 - adapters.kalshi.client - INFO - Fetched 100 markets, total: 31700
2025-08-13 17:11:25,003 - adapters.kalshi.client - INFO - Fetched 100 markets, total: 31800
2025-08-13 17:11:25,265 - adapters.kalshi.client - INFO - Fetched 100 markets, total: 31900
2025-08-13 17:11:25,571 - adapters.kalshi.client - INFO - Fetched 100 markets, total: 32000
2025-08-13 17:11:25,815 - adapters.kalshi.client - INFO - Fetched 100 markets, total: 32100
2025-08-13 17:11:26,149 - adapters.kalshi.client - INFO - Fetched 100 markets, total: 32200
2025-08-13 17:11:26,544 - adapters.kalshi.client - INFO - Fetched 100 markets, total: 32300
2025-08-13 17:11:26,754 - adapters.kalshi.client - INFO - Fetched 100 markets, total: 32400
2025-08-13 17:11:27,146 - adapters.kalshi.client - INFO - Fetched 100 markets, total: 32500
2025-08-13 17:11:27,602 - adapters.kalshi.client - INFO - Fetched 100 markets, total: 32600
2025-08-13 17:11:28,136 - adapters.kalshi.client - INFO - Fetched 100 markets, total: 32700
2025-08-13 17:11:28,531 - adapters.kalshi.client - INFO - Fetched 100 markets, total: 32800
2025-08-13 17:11:28,935 - adapters.kalshi.client - INFO - Fetched 100 markets, total: 32900
2025-08-13 17:11:29,319 - adapters.kalshi.client - INFO - Fetched 100 markets, total: 33000
2025-08-13 17:11:29,569 - adapters.kalshi.client - INFO - Fetched 100 markets, total: 33100
2025-08-13 17:11:29,979 - adapters.kalshi.client - INFO - Fetched 100 markets, total: 33200
2025-08-13 17:11:30,355 - adapters.kalshi.client - INFO - Fetched 100 markets, total: 33300
2025-08-13 17:11:30,589 - adapters.kalshi.client - INFO - Fetched 100 markets, total: 33400
2025-08-13 17:11:30,806 - adapters.kalshi.client - INFO - Fetched 100 markets, total: 33500
2025-08-13 17:11:31,383 - adapters.kalshi.client - INFO - Fetched 100 markets, total: 33600
2025-08-13 17:11:31,639 - adapters.kalshi.client - INFO - Fetched 100 markets, total: 33700
2025-08-13 17:11:31,885 - adapters.kalshi.client - INFO - Fetched 100 markets, total: 33800
2025-08-13 17:11:32,533 - adapters.kalshi.client - INFO - Fetched 100 markets, total: 33900
2025-08-13 17:11:32,947 - adapters.kalshi.client - INFO - Fetched 100 markets, total: 34000
2025-08-13 17:11:33,507 - adapters.kalshi.client - INFO - Fetched 100 markets, total: 34100
2025-08-13 17:11:33,874 - adapters.kalshi.client - INFO - Fetched 100 markets, total: 34200
2025-08-13 17:11:34,422 - adapters.kalshi.client - INFO - Fetched 100 markets, total: 34300
2025-08-13 17:11:34,641 - adapters.kalshi.client - INFO - Fetched 100 markets, total: 34400
2025-08-13 17:11:34,878 - adapters.kalshi.client - INFO - Fetched 100 markets, total: 34500
2025-08-13 17:11:35,146 - adapters.kalshi.client - INFO - Fetched 100 markets, total: 34600
2025-08-13 17:11:35,437 - adapters.kalshi.client - INFO - Fetched 100 markets, total: 34700
2025-08-13 17:11:35,656 - adapters.kalshi.client - INFO - Fetched 100 markets, total: 34800
2025-08-13 17:11:36,038 - adapters.kalshi.client - INFO - Fetched 100 markets, total: 34900
2025-08-13 17:11:36,252 - adapters.kalshi.client - INFO - Fetched 100 markets, total: 35000
2025-08-13 17:11:36,544 - adapters.kalshi.client - INFO - Fetched 100 markets, total: 35100
2025-08-13 17:11:36,965 - adapters.kalshi.client - INFO - Fetched 100 markets, total: 35200
2025-08-13 17:11:37,175 - adapters.kalshi.client - INFO - Fetched 100 markets, total: 35300
2025-08-13 17:11:37,391 - adapters.kalshi.client - INFO - Fetched 100 markets, total: 35400
2025-08-13 17:11:37,605 - adapters.kalshi.client - INFO - Fetched 100 markets, total: 35500
2025-08-13 17:11:37,822 - adapters.kalshi.client - INFO - Fetched 100 markets, total: 35600
2025-08-13 17:11:38,216 - adapters.kalshi.client - INFO - Fetched 100 markets, total: 35700
2025-08-13 17:11:38,435 - adapters.kalshi.client - INFO - Fetched 100 markets, total: 35800
2025-08-13 17:11:38,834 - adapters.kalshi.client - INFO - Fetched 100 markets, total: 35900
2025-08-13 17:11:39,047 - adapters.kalshi.client - INFO - Fetched 100 markets, total: 36000
2025-08-13 17:11:39,479 - adapters.kalshi.client - INFO - Fetched 100 markets, total: 36100
2025-08-13 17:11:39,792 - adapters.kalshi.client - INFO - Fetched 100 markets, total: 36200
2025-08-13 17:11:40,243 - adapters.kalshi.client - INFO - Fetched 100 markets, total: 36300
2025-08-13 17:11:40,649 - adapters.kalshi.client - INFO - Fetched 100 markets, total: 36400
2025-08-13 17:11:41,058 - adapters.kalshi.client - INFO - Fetched 100 markets, total: 36500
2025-08-13 17:11:41,333 - adapters.kalshi.client - INFO - Fetched 100 markets, total: 36600
2025-08-13 17:11:41,545 - adapters.kalshi.client - INFO - Fetched 100 markets, total: 36700
2025-08-13 17:11:41,779 - adapters.kalshi.client - INFO - Fetched 100 markets, total: 36800
2025-08-13 17:11:42,047 - adapters.kalshi.client - INFO - Fetched 100 markets, total: 36900
2025-08-13 17:11:42,352 - adapters.kalshi.client - INFO - Fetched 100 markets, total: 37000
2025-08-13 17:11:42,563 - adapters.kalshi.client - INFO - Fetched 100 markets, total: 37100
2025-08-13 17:11:42,774 - adapters.kalshi.client - INFO - Fetched 100 markets, total: 37200
2025-08-13 17:11:43,217 - adapters.kalshi.client - INFO - Fetched 100 markets, total: 37300
2025-08-13 17:11:43,442 - adapters.kalshi.client - INFO - Fetched 100 markets, total: 37400
2025-08-13 17:11:43,666 - adapters.kalshi.client - INFO - Fetched 100 markets, total: 37500
2025-08-13 17:11:44,000 - adapters.kalshi.client - INFO - Fetched 100 markets, total: 37600
2025-08-13 17:11:44,427 - adapters.kalshi.client - INFO - Fetched 100 markets, total: 37700
2025-08-13 17:11:45,422 - adapters.kalshi.client - INFO - Fetched 100 markets, total: 37800
2025-08-13 17:11:45,705 - adapters.kalshi.client - INFO - Fetched 100 markets, total: 37900
2025-08-13 17:11:45,948 - adapters.kalshi.client - INFO - Fetched 100 markets, total: 38000
2025-08-13 17:11:46,399 - adapters.kalshi.client - INFO - Fetched 100 markets, total: 38100
2025-08-13 17:11:46,842 - adapters.kalshi.client - INFO - Fetched 100 markets, total: 38200
2025-08-13 17:11:47,247 - adapters.kalshi.client - INFO - Fetched 100 markets, total: 38300
2025-08-13 17:11:47,730 - adapters.kalshi.client - INFO - Fetched 100 markets, total: 38400
2025-08-13 17:11:48,246 - adapters.kalshi.client - INFO - Fetched 100 markets, total: 38500
2025-08-13 17:11:48,481 - adapters.kalshi.client - INFO - Fetched 100 markets, total: 38600
2025-08-13 17:11:48,772 - adapters.kalshi.client - INFO - Fetched 100 markets, total: 38700
2025-08-13 17:11:49,115 - adapters.kalshi.client - INFO - Fetched 100 markets, total: 38800
2025-08-13 17:11:49,328 - adapters.kalshi.client - INFO - Fetched 100 markets, total: 38900
2025-08-13 17:11:49,688 - adapters.kalshi.client - INFO - Fetched 100 markets, total: 39000
2025-08-13 17:11:49,932 - adapters.kalshi.client - INFO - Fetched 100 markets, total: 39100
2025-08-13 17:11:50,436 - adapters.kalshi.client - INFO - Fetched 100 markets, total: 39200
2025-08-13 17:11:50,795 - adapters.kalshi.client - INFO - Fetched 100 markets, total: 39300
2025-08-13 17:11:51,138 - adapters.kalshi.client - INFO - Fetched 100 markets, total: 39400
2025-08-13 17:11:51,432 - adapters.kalshi.client - INFO - Fetched 100 markets, total: 39500
2025-08-13 17:11:51,779 - adapters.kalshi.client - INFO - Fetched 100 markets, total: 39600
2025-08-13 17:11:52,144 - adapters.kalshi.client - INFO - Fetched 100 markets, total: 39700
2025-08-13 17:11:52,450 - adapters.kalshi.adapter - INFO - Discovered 0 target markets
2025-08-13 17:11:52,495 - adapters.kalshi.adapter - INFO - Book state: DISCONNECTED -> CONNECTING
2025-08-13 17:11:52,496 - adapters.kalshi.client - INFO - Connecting to Kalshi WebSocket: wss://demo-api.kalshi.co/trade-api/ws/v2
2025-08-13 17:11:52,923 - adapters.kalshi.client - ERROR - Failed to connect to Kalshi WebSocket: server rejected WebSocket connection: HTTP 401
2025-08-13 17:11:52,923 - adapters.kalshi.adapter - ERROR - Kalshi WebSocket error: server rejected WebSocket connection: HTTP 401
2025-08-13 17:11:52,923 - adapters.kalshi.client - INFO - Reconnecting in 1.0s (attempt 1)
2025-08-13 17:11:53,925 - adapters.kalshi.client - INFO - Connecting to Kalshi WebSocket: wss://demo-api.kalshi.co/trade-api/ws/v2
2025-08-13 17:11:54,324 - adapters.kalshi.client - ERROR - Failed to connect to Kalshi WebSocket: server rejected WebSocket connection: HTTP 401
2025-08-13 17:11:54,324 - adapters.kalshi.adapter - ERROR - Kalshi WebSocket error: server rejected WebSocket connection: HTTP 401
2025-08-13 17:11:54,324 - adapters.kalshi.client - INFO - Reconnecting in 2.0s (attempt 2)
2025-08-13 17:11:56,326 - adapters.kalshi.client - INFO - Connecting to Kalshi WebSocket: wss://demo-api.kalshi.co/trade-api/ws/v2
2025-08-13 17:11:56,675 - adapters.kalshi.client - ERROR - Failed to connect to Kalshi WebSocket: server rejected WebSocket connection: HTTP 401
2025-08-13 17:11:56,675 - adapters.kalshi.adapter - ERROR - Kalshi WebSocket error: server rejected WebSocket connection: HTTP 401
2025-08-13 17:11:56,676 - adapters.kalshi.client - INFO - Reconnecting in 4.0s (attempt 3)
2025-08-13 17:12:00,678 - adapters.kalshi.client - INFO - Connecting to Kalshi WebSocket: wss://demo-api.kalshi.co/trade-api/ws/v2
2025-08-13 17:12:01,101 - adapters.kalshi.client - ERROR - Failed to connect to Kalshi WebSocket: server rejected WebSocket connection: HTTP 401
2025-08-13 17:12:01,101 - adapters.kalshi.adapter - ERROR - Kalshi WebSocket error: server rejected WebSocket connection: HTTP 401
2025-08-13 17:12:01,101 - adapters.kalshi.client - INFO - Reconnecting in 8.0s (attempt 4)
2025-08-13 17:12:09,102 - adapters.kalshi.client - INFO - Connecting to Kalshi WebSocket: wss://demo-api.kalshi.co/trade-api/ws/v2
2025-08-13 17:12:09,593 - adapters.kalshi.client - ERROR - Failed to connect to Kalshi WebSocket: server rejected WebSocket connection: HTTP 401
2025-08-13 17:12:09,593 - adapters.kalshi.adapter - ERROR - Kalshi WebSocket error: server rejected WebSocket connection: HTTP 401
2025-08-13 17:12:09,593 - adapters.kalshi.client - INFO - Reconnecting in 16.0s (attempt 5)
2025-08-13 17:12:25,596 - adapters.kalshi.client - INFO - Connecting to Kalshi WebSocket: wss://demo-api.kalshi.co/trade-api/ws/v2
2025-08-13 17:12:26,002 - adapters.kalshi.client - ERROR - Failed to connect to Kalshi WebSocket: server rejected WebSocket connection: HTTP 401
2025-08-13 17:12:26,002 - adapters.kalshi.adapter - ERROR - Kalshi WebSocket error: server rejected WebSocket connection: HTTP 401
2025-08-13 17:12:26,002 - adapters.kalshi.client - INFO - Reconnecting in 30s (attempt 6)
2025-08-13 17:12:56,005 - adapters.kalshi.client - INFO - Connecting to Kalshi WebSocket: wss://demo-api.kalshi.co/trade-api/ws/v2
2025-08-13 17:12:56,602 - adapters.kalshi.client - ERROR - Failed to connect to Kalshi WebSocket: server rejected WebSocket connection: HTTP 401
2025-08-13 17:12:56,602 - adapters.kalshi.adapter - ERROR - Kalshi WebSocket error: server rejected WebSocket connection: HTTP 401
2025-08-13 17:12:56,603 - adapters.kalshi.client - INFO - Reconnecting in 30s (attempt 7)
2025-08-13 17:13:26,604 - adapters.kalshi.client - INFO - Connecting to Kalshi WebSocket: wss://demo-api.kalshi.co/trade-api/ws/v2
2025-08-13 17:13:27,015 - adapters.kalshi.client - ERROR - Failed to connect to Kalshi WebSocket: server rejected WebSocket connection: HTTP 401
2025-08-13 17:13:27,015 - adapters.kalshi.adapter - ERROR - Kalshi WebSocket error: server rejected WebSocket connection: HTTP 401
2025-08-13 17:13:27,015 - adapters.kalshi.client - INFO - Reconnecting in 30s (attempt 8)
2025-08-13 17:13:57,016 - adapters.kalshi.client - INFO - Connecting to Kalshi WebSocket: wss://demo-api.kalshi.co/trade-api/ws/v2
2025-08-13 17:13:57,303 - adapters.kalshi.client - ERROR - Failed to connect to Kalshi WebSocket: server rejected WebSocket connection: HTTP 401
2025-08-13 17:13:57,303 - adapters.kalshi.adapter - ERROR - Kalshi WebSocket error: server rejected WebSocket connection: HTTP 401
2025-08-13 17:13:57,303 - adapters.kalshi.client - INFO - Reconnecting in 30s (attempt 9)
